Method 'SystemVoidCosmosSystemKernelStart', ID = '0'
Method 'SystemVoidCosmosIL2CPURuntimeEngineInitializeApplication', ID = '1'
Method 'SystemVoidCosmosIL2CPURuntimeEngineFinalizeApplicationSystemInt32', ID = '2'
Method 'SystemBooleanCosmosIL2CPUVTablesImplIsInstanceSystemUInt32SystemUInt32SystemBoolean', ID = '3'
Method 'SystemVoidCosmosIL2CPUVTablesImplSetTypeInfoSystemInt32SystemUInt32SystemUInt32SystemUInt32arraySystemUInt32SystemUInt32arraySystemUInt32arraySystemUInt32SystemUInt32arraySystemUInt32array', ID = '4'
Method 'SystemVoidCosmosIL2CPUVTablesImplSetInterfaceInfoSystemInt32SystemInt32SystemUInt32', ID = '5'
Method 'SystemVoidCosmosIL2CPUVTablesImplSetMethodInfoSystemInt32SystemInt32SystemUInt32SystemUInt32', ID = '6'
Method 'SystemVoidCosmosIL2CPUVTablesImplSetInterfaceMethodInfoSystemInt32SystemInt32SystemUInt32SystemUInt32', ID = '7'
Method 'SystemUInt32CosmosIL2CPUVTablesImplGetMethodAddressForTypeSystemUInt32SystemUInt32', ID = '8'
Method 'SystemUInt32CosmosIL2CPUVTablesImplGetMethodAddressForInterfaceTypeSystemUInt32SystemUInt32', ID = '9'
Method 'SystemVoidCosmosIL2CPUExceptionHelperThrowNotImplementedSystemString', ID = '13'
Method 'SystemVoidCosmosIL2CPUExceptionHelperThrowOverflow', ID = '14'
Method 'SystemVoidCosmosIL2CPUExceptionHelperThrowInvalidOperationSystemString', ID = '15'
Method 'SystemVoidCosmosIL2CPUExceptionHelperThrowArgumentOutOfRangeSystemString', ID = '16'
Method 'SystemVoidSystemArrayctor', ID = '18'
Method 'SystemDelegatearraySystemMulticastDelegateGetInvocationList', ID = '19'
Method 'SystemVoidCosmosIL2CPUExceptionHelperThrowInvalidCastException', ID = '21'
Method 'SystemVoidCosmosIL2CPUExceptionHelperThrowNotFiniteNumberExceptionSystemDouble', ID = '22'
Method 'SystemVoidCosmosIL2CPUExceptionHelperThrowDivideByZeroException', ID = '23'
Method 'SystemVoidCosmosKernel1Kernelctor', ID = '24'
Method 'SystemVoidCosmosDebugKernelDebuggerSendSystemString', ID = '29'
Method 'SystemVoidCosmosHALBootstrapInit', ID = '33'
Method 'CosmosHALTextScreenBaseCosmosSystemKernelGetTextScreen', ID = '34'
Method 'SystemVoidCosmosSystemGlobalInitCosmosHALTextScreenBase', ID = '35'
Method 'SystemVoidCosmosSystemKernelBeforeRun', ID = '36'
Method 'SystemVoidCosmosHALGlobalEnableInterrupts', ID = '37'
Method 'SystemVoidCosmosSystemKernelAfterRun', ID = '39'
Method 'SystemVoidCosmosIL2CPURuntimeEngineInitializeEngine', ID = '43'
Method 'SystemVoidCosmosIL2CPURuntimeEngineHeap_Initialize', ID = '44'
Method 'SystemVoidCosmosIL2CPURuntimeEngineFinalizeEngine', ID = '46'
Method 'SystemVoidCosmosIL2CPURuntimeEngineExitProcessSystemInt32', ID = '47'
Method 'SystemVoidCosmosIL2CPUVTablesImplDebugSystemString', ID = '53'
Method 'SystemVoidCosmosIL2CPUVTablesImplDebugHexSystemStringSystemUInt32', ID = '54'
Method 'SystemVoidCosmosIL2CPUVTablesImplDebugAndHaltSystemString', ID = '56'
Method 'SystemVoidCosmosDebugKernelPlugsAsmDebuggerSendKernelPanicSystemUInt32', ID = '58'
Method 'SystemVoidCosmosCore_PlugsGCImplementionImplIncRefCountSystemUInt32', ID = '60'
Method 'SystemVoidCosmosCore_PlugsGCImplementionImplDecRefCountSystemUInt32', ID = '61'
Method 'SystemUInt32CosmosCore_PlugsGCImplementionImplAllocNewObjectSystemUInt32', ID = '62'
Method 'SystemVoidSystemNotImplementedExceptionctorSystemString', ID = '64'
Method 'SystemVoidSystemOverflowExceptionctorSystemString', ID = '65'
Method 'SystemVoidSystemInvalidOperationExceptionctorSystemString', ID = '66'
Method 'SystemVoidSystemArgumentOutOfRangeExceptionctorSystemString', ID = '67'
Method 'SystemDelegatearraySystemDelegateGetInvocationList', ID = '78'
Method 'SystemInt32SystemIntPtrop_ExplicitSystemIntPtr', ID = '81'
Method 'SystemVoidSystemInvalidCastExceptionctor', ID = '82'
Method 'SystemVoidSystemNotFiniteNumberExceptionctorSystemDouble', ID = '84'
Method 'SystemVoidSystemDivideByZeroExceptionctor', ID = '85'
Method 'SystemVoidCosmosSystemKernelctor', ID = '87'
Method 'SystemVoidCosmosSystemGlobalcctor', ID = '89'
Method 'SystemVoidCosmosCore_PlugsSystemExceptionImplCtorSystemString', ID = '93'
Method 'SystemVoidCosmosCoreBootstrapInit', ID = '100'
Method 'SystemVoidCosmosSystemConsolectorCosmosHALTextScreenBase', ID = '102'
Method 'SystemVoidCosmosHALGlobalInitCosmosHALTextScreenBase', ID = '104'
Method 'SystemVoidCosmosSystemGlobalset_NumLockSystemBoolean', ID = '105'
Method 'SystemVoidCosmosSystemGlobalset_CapsLockSystemBoolean', ID = '106'
Method 'SystemVoidCosmosSystemGlobalset_ScrollLockSystemBoolean', ID = '107'
Method 'SystemVoidCosmosKernel1KernelBeforeRun', ID = '108'
Method 'SystemVoidCosmosCoreCPUEnableInterrupts', ID = '110'
Method 'SystemVoidCosmosKernel1KernelRun', ID = '111'
Method 'SystemVoidCosmosSystem_PlugsSystemConsoleImplWriteLineSystemString', ID = '113'
Method 'SystemStringSystemValueTypeToString', ID = '114'
Method 'SystemStringSystemStringToString', ID = '115'
Method 'SystemStringSystemBooleanToString', ID = '118'
Method 'SystemStringCosmosCore_PlugsSystemObjectImplToString', ID = '121'
Method 'SystemVoidCosmosIL2CPURuntimeEnginecctor', ID = '122'
Method 'SystemVoidSystemBooleancctor', ID = '128'
Method 'SystemVoidCosmosIL2CPUVTablesImplcctor', ID = '131'
Method 'SystemVoidCosmosDebugKernelDebuggerSendNumberSystemUInt32', ID = '133'
Method 'SystemVoidCosmosCoreMemoryOldGlobalSystemInfoEnsureInitialized', ID = '141'
Method 'SystemUInt32CosmosCoreMemoryOldHeapMemAllocSystemUInt32', ID = '142'
Method 'SystemVoidSystemSystemExceptionctorSystemString', ID = '144'
Method 'SystemVoidSystemExceptionset_HResultSystemInt32', ID = '145'
Method 'SystemVoidSystemArithmeticExceptionctorSystemString', ID = '147'
Method 'SystemStringSystemSRget_Arg_ArgumentOutOfRangeException', ID = '150'
Method 'SystemVoidSystemArgumentExceptionctorSystemStringSystemString', ID = '151'
Method 'SystemVoidCosmosCore_PlugsSystemObjectImplCtor', ID = '152'
Method 'SystemStringSystemSRget_Arg_InvalidCastException', ID = '166'
Method 'SystemVoidSystemDoublecctor', ID = '167'
Method 'SystemVoidSystemArithmeticExceptionctor', ID = '171'
Method 'SystemStringSystemSRget_Arg_DivideByZero', ID = '173'
Method 'SystemVoidCosmosDebugKernelDebuggerctorSystemStringSystemString', ID = '174'
Method 'SystemVoidCosmosDebugKernelPlugsAsmDebuggerDoSendSystemString', ID = '176'
Method 'SystemVoidSystemExceptioncctor', ID = '177'
Method 'SystemVoidCosmosCoreINTsDummy', ID = '181'
Method 'SystemVoidCosmosCorePICctor', ID = '182'
Method 'SystemVoidCosmosHALTextScreenctor', ID = '190'
Method 'SystemVoidCosmosCoreGlobalInit', ID = '193'
Method 'SystemVoidCosmosHALPCISetup', ID = '194'
Method 'SystemVoidCosmosCoreACPIStartSystemBooleanSystemBoolean', ID = '195'
Method 'SystemVoidCosmosHALPS2ControllerInitialize', ID = '197'
Method 'SystemVoidCosmosHALBlockDeviceIDEInitDriver', ID = '198'
Method 'SystemVoidCosmosHALBlockDeviceAHCIInitDriver', ID = '199'
Method 'SystemVoidCosmosSystemKeyboardManagerset_NumLockSystemBoolean', ID = '200'
Method 'SystemVoidCosmosSystemKeyboardManagerset_CapsLockSystemBoolean', ID = '201'
Method 'SystemVoidCosmosSystemKeyboardManagerset_ScrollLockSystemBoolean', ID = '202'
Method 'SystemVoidCosmosHALGlobalcctor', ID = '205'
Method 'SystemBooleanSystemStringop_EqualitySystemStringSystemString', ID = '211'
Method 'SystemVoidCosmosCoreACPIShutdown', ID = '212'
Method 'SystemCharSystemCharParseSystemString', ID = '215'
Method 'SystemVoidSystemConsolecctor', ID = '217'
Method 'SystemStringSystemEnvironmentget_NewLine', ID = '219'
Method 'SystemStringSystemStringConcatSystemStringSystemString', ID = '220'
Method 'SystemVoidCosmosSystem_PlugsSystemConsoleImplWriteSystemString', ID = '221'
Method 'SystemStringCosmosSystem_PlugsSystemInt32ImplToString', ID = '223'
Method 'SystemStringCosmosSystem_PlugsSystemUInt32ImplToString', ID = '224'
Method 'SystemStringCosmosSystem_PlugsSystemDoubleImplToString', ID = '225'
Method 'SystemStringCosmosCore_PlugsSystemExceptionImplToString', ID = '226'
Method 'SystemUInt32CosmosCoreMemoryOldGlobalSystemInfoget_TotalDataLookupTableSize', ID = '238'
Method 'SystemBooleanCosmosCoreCPUDisableInterrupts', ID = '242'
Method 'SystemVoidCosmosCoreMemoryOldHeapEnsureIsInitialized', ID = '243'
Method 'CosmosCoreMemoryOldGlobalInformationTablepointerCosmosCoreMemoryOldGlobalSystemInfoget_GlobalInformationTable', ID = '244'
Method 'SystemBooleanCosmosCoreMemoryOldHeapScanDataLookupTableCosmosCoreMemoryOldDataLookupTablepointerSystemUInt32SystemUInt32', ID = '246'
Method 'CosmosCoreMemoryOldDataLookupEntrypointerCosmosCoreMemoryOldDataLookupTableGetEntrySystemUInt32', ID = '249'
Method 'SystemVoidCosmosCoreMemoryOldHeapClearMemorySystemVoidpointerSystemUInt32', ID = '251'
Method 'SystemStringSystemSRGetResourceStringSystemStringSystemString', ID = '256'
Method 'SystemDoubleSystemBitConverterInt64BitsToDoubleSystemInt64', ID = '259'
Method 'SystemStringSystemSRget_Arg_ArithmeticException', ID = '261'
Method 'SystemVoidCosmosDebugKernelDebuggerset_mSectionSystemString', ID = '262'
Method 'SystemVoidCosmosCoreBootstrapcctor', ID = '264'
Method 'SystemVoidCosmosCoreINTsHandleInterrupt_DefaultCosmosCoreINTsIRQContext', ID = '267'
Method 'SystemVoidCosmosCoreINTsHandleInterrupt_00CosmosCoreINTsIRQContext', ID = '268'
Method 'SystemVoidCosmosCoreINTsHandleInterrupt_01CosmosCoreINTsIRQContext', ID = '269'
Method 'SystemVoidCosmosCoreINTsHandleInterrupt_02CosmosCoreINTsIRQContext', ID = '270'
Method 'SystemVoidCosmosCoreINTsHandleInterrupt_03CosmosCoreINTsIRQContext', ID = '271'
Method 'SystemVoidCosmosCoreINTsHandleInterrupt_04CosmosCoreINTsIRQContext', ID = '272'
Method 'SystemVoidCosmosCoreINTsHandleInterrupt_05CosmosCoreINTsIRQContext', ID = '273'
Method 'SystemVoidCosmosCoreINTsHandleInterrupt_06CosmosCoreINTsIRQContext', ID = '274'
Method 'SystemVoidCosmosCoreINTsHandleInterrupt_07CosmosCoreINTsIRQContext', ID = '275'
Method 'SystemVoidCosmosCoreINTsHandleInterrupt_08CosmosCoreINTsIRQContext', ID = '276'
Method 'SystemVoidCosmosCoreINTsHandleInterrupt_09CosmosCoreINTsIRQContext', ID = '277'
Method 'SystemVoidCosmosCoreINTsHandleInterrupt_0ACosmosCoreINTsIRQContext', ID = '278'
Method 'SystemVoidCosmosCoreINTsHandleInterrupt_0BCosmosCoreINTsIRQContext', ID = '279'
Method 'SystemVoidCosmosCoreINTsHandleInterrupt_0CCosmosCoreINTsIRQContext', ID = '280'
Method 'SystemVoidCosmosCoreINTsHandleInterrupt_0DCosmosCoreINTsIRQContext', ID = '281'
Method 'SystemVoidCosmosCoreINTsHandleInterrupt_0ECosmosCoreINTsIRQContext', ID = '282'
Method 'SystemVoidCosmosCoreINTsHandleInterrupt_0FCosmosCoreINTsIRQContext', ID = '283'
Method 'SystemVoidCosmosCoreINTsHandleInterrupt_10CosmosCoreINTsIRQContext', ID = '284'
Method 'SystemVoidCosmosCoreINTsHandleInterrupt_11CosmosCoreINTsIRQContext', ID = '285'
Method 'SystemVoidCosmosCoreINTsHandleInterrupt_12CosmosCoreINTsIRQContext', ID = '286'
Method 'SystemVoidCosmosCoreINTsHandleInterrupt_13CosmosCoreINTsIRQContext', ID = '287'
Method 'SystemVoidCosmosCoreINTsHandleInterrupt_20CosmosCoreINTsIRQContext', ID = '288'
Method 'SystemVoidCosmosCoreINTsHandleInterrupt_21CosmosCoreINTsIRQContext', ID = '289'
Method 'SystemVoidCosmosCoreINTsHandleInterrupt_22CosmosCoreINTsIRQContext', ID = '290'
Method 'SystemVoidCosmosCoreINTsHandleInterrupt_23CosmosCoreINTsIRQContext', ID = '291'
Method 'SystemVoidCosmosCoreINTsHandleInterrupt_24CosmosCoreINTsIRQContext', ID = '292'
Method 'SystemVoidCosmosCoreINTsHandleInterrupt_25CosmosCoreINTsIRQContext', ID = '293'
Method 'SystemVoidCosmosCoreINTsHandleInterrupt_26CosmosCoreINTsIRQContext', ID = '294'
Method 'SystemVoidCosmosCoreINTsHandleInterrupt_27CosmosCoreINTsIRQContext', ID = '295'
Method 'SystemVoidCosmosCoreINTsHandleInterrupt_28CosmosCoreINTsIRQContext', ID = '296'
Method 'SystemVoidCosmosCoreINTsHandleInterrupt_29CosmosCoreINTsIRQContext', ID = '297'
Method 'SystemVoidCosmosCoreINTsHandleInterrupt_2ACosmosCoreINTsIRQContext', ID = '298'
Method 'SystemVoidCosmosCoreINTsHandleInterrupt_2BCosmosCoreINTsIRQContext', ID = '299'
Method 'SystemVoidCosmosCoreINTsHandleInterrupt_2CCosmosCoreINTsIRQContext', ID = '300'
Method 'SystemVoidCosmosCoreINTsHandleInterrupt_2DCosmosCoreINTsIRQContext', ID = '301'
Method 'SystemVoidCosmosCoreINTsHandleInterrupt_2ECosmosCoreINTsIRQContext', ID = '302'
Method 'SystemVoidCosmosCoreINTsHandleInterrupt_2FCosmosCoreINTsIRQContext', ID = '303'
Method 'SystemVoidCosmosCoreINTsHandleInterrupt_30CosmosCoreINTsIRQContext', ID = '304'
Method 'SystemVoidCosmosCoreINTsHandleInterrupt_35CosmosCoreINTsIRQContext', ID = '305'
Method 'SystemVoidCosmosCoreINTsHandleInterrupt_40CosmosCoreINTsIRQContext', ID = '306'
Method 'SystemVoidCosmosCoreINTsHandleInterrupt_41CosmosCoreINTsIRQContext', ID = '307'
Method 'SystemVoidCosmosCoreINTsHandleInterrupt_42CosmosCoreINTsIRQContext', ID = '308'
Method 'SystemVoidCosmosCoreINTsHandleInterrupt_43CosmosCoreINTsIRQContext', ID = '309'
Method 'SystemVoidCosmosCoreINTsHandleInterrupt_44CosmosCoreINTsIRQContext', ID = '310'
Method 'SystemVoidCosmosCoreINTsHandleInterrupt_45CosmosCoreINTsIRQContext', ID = '311'
Method 'SystemVoidCosmosCoreINTsHandleInterrupt_46CosmosCoreINTsIRQContext', ID = '312'
Method 'SystemVoidCosmosCoreINTsHandleInterrupt_47CosmosCoreINTsIRQContext', ID = '313'
Method 'SystemVoidCosmosCoreINTsHandleInterrupt_48CosmosCoreINTsIRQContext', ID = '314'
Method 'SystemVoidCosmosCoreINTsHandleInterrupt_49CosmosCoreINTsIRQContext', ID = '315'
Method 'SystemVoidCosmosCoreIOGroupPICctorSystemBoolean', ID = '317'
Method 'SystemVoidCosmosCorePICRemapSystemByteSystemByteSystemByteSystemByte', ID = '318'
Method 'SystemVoidCosmosCore_AsmCPUImplUpdateIDTSystemBoolean', ID = '319'
Method 'SystemVoidCosmosCore_AsmCPUImplInitSSE', ID = '320'
Method 'SystemVoidCosmosCore_AsmCPUImplInitFloat', ID = '321'
Method 'SystemVoidCosmosCoreIOGroupTextScreenctor', ID = '323'
Method 'SystemVoidCosmosHALTextScreenBasector', ID = '324'
Method 'SystemVoidSystemCollectionsGenericList1CosmosHALPCIDevicector', ID = '334'
Method 'SystemUInt16CosmosHALPCIDeviceGetHeaderTypeSystemUInt16SystemUInt16SystemUInt16', ID = '336'
Method 'SystemVoidCosmosHALPCICheckBusSystemUInt16', ID = '337'
Method 'SystemUInt16CosmosHALPCIDeviceGetVendorIDSystemUInt16SystemUInt16SystemUInt16', ID = '338'
Method 'SystemBooleanCosmosCoreACPIInit', ID = '340'
Method 'SystemVoidCosmosCoreACPIEnable', ID = '341'
Method 'SystemVoidCosmosHALPS2ControllerSendCommandCosmosHALPS2ControllerCommandSystemNullable1SystemByte', ID = '344'
Method 'SystemByteCosmosHALPS2ControllerReadData', ID = '345'
Method 'SystemBooleanCosmosHALPS2ControllerWaitToReadData', ID = '346'
Method 'SystemVoidSystemNullable1SystemBytectorSystemByte', ID = '347'
Method 'SystemBooleanCosmosHALPS2ControllerTestPortSystemByte', ID = '348'
Method 'SystemVoidCosmosHALPS2ControllerIdentifyDeviceSystemByteCosmosHALDevice', ID = '349'
Method 'SystemVoidCosmosHALBlockDeviceIDEInitializeCosmosHALBlockDeviceAtaControllerIdEnumCosmosHALBlockDeviceAtaBusPositionEnum', ID = '352'
Method 'SystemVoidCosmosHALBlockDeviceAHCIctorCosmosHALPCIDevice', ID = '355'
Method 'SystemVoidCosmosSystem_PlugsSystemConsoleImplset_ForegroundColorSystemConsoleColor', ID = '361'
Method 'SystemVoidCosmosSystem_PlugsSystemConsoleImplset_BackgroundColorSystemConsoleColor', ID = '362'
Method 'SystemVoidCosmosHALPITctor', ID = '363'
Method 'SystemVoidCosmosHALPS2Controllerctor', ID = '365'
Method 'SystemVoidCosmosCore_AsmCPUImplDoEnableInterrupts', ID = '366'
Method 'SystemStringCosmosSystem_PlugsSystemConsoleImplReadLine', ID = '367'
Method 'SystemBooleanSystemStringEqualsSystemStringSystemString', ID = '368'
Method 'SystemVoidCosmosCoreIOPortset_WordSystemUInt16', ID = '374'
Method 'CosmosCoreCPUCosmosCoreGlobalget_CPU', ID = '378'
Method 'SystemIODirectoryInfoCosmosSystem_PlugsSystemIODirectoryImplCreateDirectorySystemString', ID = '382'
Method 'SystemDoubleCosmosSystem_PlugsSystemDoubleImplParseSystemString', ID = '383'
Method 'SystemVoidSystemArgumentNullExceptionctorSystemString', ID = '385'
Method 'SystemStringSystemSRget_Format_NeedSingleChar', ID = '387'
Method 'SystemVoidSystemFormatExceptionctorSystemString', ID = '388'
Method 'SystemVoidCosmosSystem_PlugsSystemConsoleImplWriteLineSystemStringSystemObjectSystemObjectSystemObject', ID = '390'
Method 'SystemVoidCosmosSystem_PlugsSystemConsoleImplcctor', ID = '394'
Method 'SystemBooleanSystemStringIsNullOrEmptySystemString', ID = '396'
Method 'SystemVoidSystemStringFillStringCheckedSystemStringSystemInt32SystemString', ID = '398'
Method 'CosmosSystemConsoleCosmosSystem_PlugsSystemConsoleImplGetConsole', ID = '399'
Method 'SystemBytearraySystemTextEncodingGetBytesSystemString', ID = '401'
Method 'SystemVoidCosmosSystemConsoleWriteSystemBytearray', ID = '402'
Method 'SystemTypeCosmosCore_PlugsSystemObjectImplGetType', ID = '404'
Method 'SystemStringCosmosCommonStringHelperGetNumberStringSystemInt32', ID = '407'
Method 'SystemStringCosmosCommonStringHelperGetNumberStringSystemUInt32', ID = '410'
Method 'SystemStringCosmosCommonStringHelperGetNumberStringSystemDouble', ID = '413'
Method 'SystemVoidCosmosCore_PlugsSystemObjectImplcctor', ID = '415'
Method 'SystemVoidCosmosDebugKernelPlugsAsmDebuggerDoSendNumberSystemUInt32', ID = '416'
Method 'SystemUInt32CosmosCore_AsmCPUImplGetEndOfKernel', ID = '417'
Method 'SystemVoidCosmosCore_AsmCPUImplZeroFillSystemUInt32SystemUInt32', ID = '418'
Method 'SystemVoidCosmosCoreMemoryOldHeapcctor', ID = '419'
Method 'SystemVoidCosmosCoreMemoryOldHeapDoInitializeSystemUInt32', ID = '423'
Method 'SystemVoidSystemSRcctor', ID = '428'
Method 'SystemStringCosmosSystem_PlugsSystemIntPtrImplToString', ID = '431'
Method 'SystemVoidCosmosCoreCPUctor', ID = '434'
Method 'SystemVoidCosmosCoreINTscctor', ID = '435'
Method 'CosmosCorePICCosmosCoreGlobalget_PIC', ID = '437'
Method 'SystemVoidCosmosCorePICEoiSlave', ID = '438'
Method 'SystemVoidCosmosCorePICEoiMaster', ID = '439'
Method 'SystemVoidCosmosCoreINTsHandleExceptionSystemUInt32SystemStringSystemStringCosmosCoreINTsIRQContextSystemUInt32', ID = '440'
Method 'SystemVoidCosmosCore_AsmDelegateImplInvoke', ID = '662'
Method 'SystemVoidCosmosCoreINTsIRQSystemUInt32CosmosCoreINTsIRQContext', ID = '444'
Method 'SystemVoidCosmosCoreIOPortctorSystemUInt16', ID = '447'
Method 'SystemVoidCosmosCoreIOGroupIOGroupctor', ID = '448'
Method 'SystemByteCosmosCoreIOPortget_Byte', ID = '450'
Method 'SystemVoidCosmosCoreIOPortset_ByteSystemByte', ID = '451'
Method 'SystemVoidCosmosCoreIOPortWait', ID = '452'
Method 'SystemVoidCosmosCoreMemoryBlockctorSystemUInt32SystemUInt32', ID = '454'
Method 'SystemVoidCosmosHALDevicector', ID = '455'
Method 'SystemVoidCosmosHALTextScreenSetColorsSystemConsoleColorSystemConsoleColor', ID = '457'
Method 'SystemUInt16CosmosHALTextScreenget_Cols', ID = '459'
Method 'SystemUInt16CosmosHALTextScreenget_Rows', ID = '460'
Method 'SystemVoidCosmosHALTextScreenSetCursorSizeSystemInt32', ID = '461'
Method 'SystemVoidCosmosHALTextScreenSetCursorVisibleSystemBoolean', ID = '462'
Method 'SystemVoidCosmosCoreGlobalcctor', ID = '463'
Method 'SystemUInt32CosmosHALPCIDeviceGetAddressBaseSystemUInt32SystemUInt32SystemUInt32', ID = '467'
Method 'SystemVoidCosmosCoreIOPortset_DWordSystemUInt32', ID = '470'
Method 'SystemUInt32CosmosCoreIOPortget_DWord', ID = '471'
Method 'SystemVoidCosmosHALPCIDevicectorSystemUInt32SystemUInt32SystemUInt32', ID = '472'
Method 'SystemVoidCosmosHALPCICheckFunctionCosmosHALPCIDevice', ID = '473'
Method 'SystemVoidCosmosCoreACPIcctor', ID = '474'
Method 'SystemUInt32CosmosCoreACPIRSDPAddress', ID = '475'
Method 'SystemInt32CosmosCoreACPIacpiCheckHeaderSystemBytepointerSystemString', ID = '476'
Method 'SystemInt32pointerCosmosCoreACPIfacpgetSystemInt32', ID = '478'
Method 'SystemInt32CosmosCoreACPICompareSystemStringSystemBytepointer', ID = '479'
Method 'SystemByteCosmosCoreACPIfacpbgetSystemInt32', ID = '481'
Method 'SystemStringSystemNullable1SystemByteToString', ID = '487'
Method 'SystemBooleanCosmosHALPS2ControllerWaitToWrite', ID = '489'
Method 'SystemVoidCosmosCoreIOPortWriteset_ByteSystemByte', ID = '491'
Method 'SystemBooleanSystemNullable1SystemByteget_HasValue', ID = '492'
Method 'SystemByteSystemNullable1SystemByteget_Value', ID = '493'
Method 'SystemByteCosmosCoreIOPortReadget_Byte', ID = '494'
Method 'SystemStringCosmosCommonExtensionsToHexStringToHexSystemByte', ID = '495'
Method 'SystemStringSystemStringConcatSystemObjectarray', ID = '496'
Method 'SystemStringSystemStringConcatSystemObjectSystemObjectSystemObject', ID = '497'
Method 'SystemVoidCosmosHALPS2ControllerSendDeviceCommandCosmosHALPS2ControllerDeviceCommandSystemBooleanSystemNullable1SystemByte', ID = '499'
Method 'SystemBooleanCosmosHALPS2ControllerReadByteAfterAckWithTimeoutSystemByte', ID = '500'
Method 'SystemVoidCosmosHALPS2MousectorSystemByteSystemByte', ID = '501'
Method 'SystemBooleanCosmosHALPS2ControllerReadDataWithTimeoutSystemByte', ID = '503'
Method 'SystemVoidCosmosHALPS2KeyboardctorSystemByte', ID = '504'
Method 'SystemVoidCosmosHALBlockDeviceIDEcctor', ID = '506'
Method 'SystemVoidCosmosHALBlockDeviceAtaPioctorCosmosCoreIOGroupATACosmosHALBlockDeviceAtaControllerIdEnumCosmosHALBlockDeviceAtaBusPositionEnum', ID = '511'
Method 'CosmosHALBlockDeviceAtaPioSpecLevelCosmosHALBlockDeviceAtaPioget_DriveType', ID = '512'
Method 'SystemVoidSystemCollectionsGenericList1CosmosHALBlockDeviceBlockDeviceAddCosmosHALBlockDeviceBlockDevice', ID = '515'
Method 'SystemVoidCosmosHALBlockDeviceMBRctorSystemBytearray', ID = '519'
Method 'SystemVoidCosmosHALBlockDeviceEBRctorSystemBytearray', ID = '521'
Method 'SystemInt32SystemCollectionsGenericList1CosmosHALBlockDeviceEBRPartInfoget_Count', ID = '523'
Method 'SystemInt32SystemCollectionsGenericList1CosmosHALBlockDeviceMBRPartInfoget_Count', ID = '524'
Method 'SystemVoidCosmosDebugKernelDebuggerSendNumberSystemInt32', ID = '525'
Method 'CosmosHALBlockDeviceMBRPartInfoSystemCollectionsGenericList1CosmosHALBlockDeviceMBRPartInfoget_ItemSystemInt32', ID = '526'
Method 'SystemStringSystemStringConcatSystemObjectSystemObject', ID = '527'
Method 'SystemVoidCosmosHALBlockDevicePartitionctorCosmosHALBlockDeviceBlockDeviceSystemUInt64SystemUInt64', ID = '529'
Method 'SystemVoidCosmosHALBlockDeviceAHCIcctor', ID = '530'
Method 'SystemVoidCosmosHALPCIDeviceEnableBusMasterSystemBoolean', ID = '531'
Method 'SystemVoidCosmosHALPCIDeviceEnableMemorySystemBoolean', ID = '532'
Method 'SystemUInt32CosmosHALPCIBaseAddressBarget_BaseAddress', ID = '533'
Method 'SystemVoidCosmosHALBlockDeviceRegistersGenericRegistersctorSystemUInt32', ID = '535'
Method 'SystemUInt32CosmosHALBlockDeviceRegistersGenericRegistersget_GlobalHostControl', ID = '537'
Method 'SystemVoidCosmosHALBlockDeviceRegistersGenericRegistersset_GlobalHostControlSystemUInt32', ID = '538'
Method 'SystemVoidCosmosHALBlockDeviceAHCIGetCapabilities', ID = '539'
Method 'SystemVoidSystemCollectionsGenericList1CosmosHALBlockDevicePortsStoragePortset_CapacitySystemInt32', ID = '542'
Method 'SystemVoidCosmosHALBlockDeviceAHCIGetPorts', ID = '543'
Method 'SystemCollectionsGenericList1EnumeratorCosmosHALBlockDevicePortsStoragePortSystemCollectionsGenericList1CosmosHALBlockDevicePortsStoragePortGetEnumerator', ID = '544'
Method 'CosmosHALBlockDevicePortsStoragePortSystemCollectionsGenericList1EnumeratorCosmosHALBlockDevicePortsStoragePortget_Current', ID = '545'
Method 'SystemBooleanSystemCollectionsGenericList1EnumeratorCosmosHALBlockDevicePortsStoragePortMoveNext', ID = '552'
Method 'SystemVoidCosmosSystemKeyboardManagercctor', ID = '555'
Method 'SystemVoidCosmosSystemConsoleset_ForegroundSystemConsoleColor', ID = '559'
Method 'SystemVoidCosmosSystemConsoleset_BackgroundSystemConsoleColor', ID = '561'
Method 'SystemVoidSystemCollectionsGenericList1CosmosHALPITPITTimerctor', ID = '563'
Method 'SystemVoidCosmosHALPITHandleIRQCosmosCoreINTsIRQContext', ID = '564'
Method 'SystemVoidCosmosCore_AsmDelegateImplCtorSystemObjectSystemIntPtr', ID = '811'
Method 'SystemVoidCosmosCoreINTsSetIrqHandlerSystemByteCosmosCoreINTsIRQDelegate', ID = '566'
Method 'SystemVoidCosmosHALPITset_T0CountdownSystemUInt16', ID = '567'
Method 'SystemVoidSystemCollectionsGenericList1SystemCharctorSystemInt32', ID = '568'
Method 'CosmosSystemConsoleKeyExCosmosSystemKeyEventget_Key', ID = '569'
Method 'SystemInt32CosmosSystemConsoleget_X', ID = '570'
Method 'SystemVoidSystemCollectionsGenericList1SystemCharRemoveAtSystemInt32', ID = '571'
Method 'SystemVoidCosmosSystemConsoleset_XSystemInt32', ID = '572'
Method 'SystemCharSystemCollectionsGenericList1SystemCharget_ItemSystemInt32', ID = '573'
Method 'SystemVoidCosmosSystem_PlugsSystemConsoleImplWriteSystemChar', ID = '574'
Method 'SystemInt32SystemCollectionsGenericList1SystemCharget_Count', ID = '575'
Method 'SystemCharCosmosSystemKeyEventget_KeyChar', ID = '576'
Method 'SystemVoidSystemCollectionsGenericList1SystemCharAddSystemChar', ID = '577'
Method 'SystemVoidSystemCollectionsGenericList1SystemCharctor', ID = '578'
Method 'CosmosSystemKeyEventCosmosSystemKeyboardManagerReadKey', ID = '579'
Method 'SystemVoidCosmosSystem_PlugsSystemConsoleImplWriteLine', ID = '580'
Method 'SystemChararraySystemCollectionsGenericList1SystemCharToArray', ID = '581'
Method 'SystemVoidCosmosSystem_PlugsSystemConsoleImplClear', ID = '584'
Method 'SystemVoidCosmosCore_AsmCPUImplHalt', ID = '588'
Method 'SystemStringSystemIODirectoryInfoToString', ID = '590'
Method 'CosmosSystemFileSystemListingDirectoryEntryCosmosSystemFileSystemVFSVFSManagerCreateDirectorySystemString', ID = '593'
Method 'SystemVoidSystemIODirectoryInfoctorSystemString', ID = '594'
Method 'SystemStringSystemStringSubstringSystemInt32', ID = '595'
Method 'SystemVoidSystemFormatExceptionctor', ID = '596'
Method 'SystemVoidSystemCollectionsGenericList1SystemInt32ctor', ID = '597'
Method 'SystemStringSystemCharToString', ID = '598'
Method 'SystemVoidSystemCollectionsGenericList1SystemInt32AddSystemInt32', ID = '600'
Method 'SystemInt32SystemCollectionsGenericList1SystemInt32get_ItemSystemInt32', ID = '601'
Method 'SystemInt32SystemCollectionsGenericList1SystemInt32get_Count', ID = '602'
Method 'SystemVoidSystemCharcctor', ID = '604'
Method 'SystemStringSystemSRget_ArgumentNull_Generic', ID = '608'
Method 'SystemInt32CosmosCore_PlugsSystemStringImplget_LengthSystemInt32', ID = '609'
Method 'SystemCharCosmosCore_PlugsSystemStringImplget_CharsSystemInt32SystemCharpointer', ID = '611'
Method 'SystemTextEncodingSystemTextEncodingget_ASCII', ID = '613'
Method 'SystemStringCosmosCore_PlugsSystemStringImplFastAllocateStringSystemInt32', ID = '617'
Method 'SystemVoidSystemIndexOutOfRangeExceptionctor', ID = '618'
Method 'SystemVoidSystemStringwstrcpySystemCharpointerSystemCharpointerSystemInt32', ID = '619'
Method 'SystemStringSystemSRget_ArgumentNull_String', ID = '622'
Method 'SystemVoidSystemArgumentNullExceptionctorSystemStringSystemString', ID = '623'
Method 'SystemInt32SystemTextEncodingGetByteCountSystemString', ID = '624'
Method 'SystemInt32SystemTextEncodingGetBytesSystemStringSystemInt32SystemInt32SystemBytearraySystemInt32', ID = '625'
Method 'SystemVoidCosmosSystemConsoleDoLineFeed', ID = '626'
Method 'SystemVoidCosmosSystemConsoleDoCarriageReturn', ID = '627'
Method 'SystemVoidCosmosSystemConsoleDoTab', ID = '628'
Method 'SystemVoidCosmosSystemConsoleWriteSystemByte', ID = '629'
Method 'SystemStringSystemTypeToString', ID = '632'
Method 'SystemVoidCosmosCoreCosmosRuntimeTypectorSystemUInt32', ID = '636'
Method 'SystemInt64SystemBitConverterDoubleToInt64BitsSystemDouble', ID = '638'
Method 'SystemStringSystemStringSubstringSystemInt32SystemInt32', ID = '641'
Method 'SystemStringSystemArgumentOutOfRangeExceptionget_Message', ID = '642'
Method 'SystemStringSystemArgumentExceptionget_Message', ID = '643'
Method 'SystemStringCosmosCore_PlugsSystemExceptionImplget_Message', ID = '644'
Method 'SystemVoidCosmosCore_AsmCPUImplDoDisableInterrupts', ID = '645'
Method 'SystemUInt32CosmosCore_AsmCPUImplGetAmountOfRAM', ID = '646'
Method 'SystemStringCosmosCore_PlugsSystemSRImplInternalGetResourceStringSystemString', ID = '650'
Method 'SystemBooleanCosmosCore_PlugsSystemStringImplEqualsSystemStringSystemStringComparison', ID = '652'
Method 'SystemVoidSystemBitConvertercctor', ID = '657'
Method 'SystemVoidCosmosCoreINTsPutErrorCharSystemInt32SystemInt32SystemChar', ID = '660'
Method 'SystemVoidCosmosCoreINTsPutErrorStringSystemInt32SystemInt32SystemString', ID = '661'
Method 'SystemVoidCosmosCoreIOPortBasectorSystemUInt16', ID = '663'
Method 'SystemVoidCosmosCoreMemoryBlock08ctorSystemUInt32SystemUInt32', ID = '669'
Method 'SystemVoidCosmosCoreMemoryBlock16ctorSystemUInt32SystemUInt32', ID = '670'
Method 'SystemVoidCosmosCoreMemoryBlock32ctorSystemUInt32SystemUInt32', ID = '671'
Method 'SystemVoidCosmosCoreBaseIOGroupsctor', ID = '676'
Method 'SystemVoidSystemCollectionsGenericList1CosmosHALPCIDevicecctor', ID = '677'
Method 'SystemVoidCosmosHALPCIDevicecctor', ID = '683'
Method 'SystemUInt16CosmosHALPCIDeviceReadRegister16SystemByte', ID = '686'
Method 'SystemByteCosmosHALPCIDeviceReadRegister8SystemByte', ID = '687'
Method 'SystemVoidCosmosHALPCIDeviceset_InterruptLineSystemByte', ID = '688'
Method 'SystemUInt32CosmosHALPCIDeviceReadRegister32SystemByte', ID = '690'
Method 'SystemVoidCosmosHALPCIBaseAddressBarctorSystemUInt32', ID = '691'
Method 'SystemVoidSystemCollectionsGenericList1CosmosHALPCIDeviceAddCosmosHALPCIDevice', ID = '692'
Method 'SystemBooleanCosmosCoreACPICheck_RSDSystemUInt32', ID = '694'
Method 'SystemVoidSystemThrowHelperThrowInvalidOperationExceptionSystemExceptionResource', ID = '698'
Method 'SystemStringCosmosCommonExtensionsToHexStringConvertToHexSystemUInt32SystemInt32', ID = '701'
Method 'SystemStringSystemStringConcatSystemStringSystemStringSystemString', ID = '703'
Method 'SystemBooleanCosmosHALPS2ControllerWaitForAck', ID = '705'
Method 'SystemVoidCosmosHALMouseBasector', ID = '708'
Method 'SystemVoidCosmosHALPS2MouseInitialize', ID = '710'
Method 'SystemVoidCosmosHALKeyboardBasector', ID = '712'
Method 'SystemVoidCosmosHALPS2KeyboardInitialize', ID = '714'
Method 'CosmosHALPCIDeviceCosmosHALPCIGetDeviceClassCosmosHALClassIDCosmosHALSubclassID', ID = '715'
Method 'SystemVoidCosmosCoreBaseIOGroupscctor', ID = '716'
Method 'SystemVoidCosmosHALBlockDeviceAtactor', ID = '719'
Method 'CosmosHALBlockDeviceAtaPioSpecLevelCosmosHALBlockDeviceAtaPioDiscoverDrive', ID = '720'
Method 'SystemVoidCosmosHALBlockDeviceAtaPioInitDrive', ID = '721'
Method 'SystemVoidCosmosHALBlockDeviceBlockDevicecctor', ID = '723'
Method 'SystemVoidSystemCollectionsGenericList1CosmosHALBlockDeviceBlockDeviceAddWithResizeCosmosHALBlockDeviceBlockDevice', ID = '725'
Method 'SystemVoidCosmosHALBlockDeviceAtacctor', ID = '726'
Method 'SystemStringCosmosHALBlockDeviceAtaToString', ID = '727'
Method 'SystemVoidCosmosHALBlockDeviceAtaPioReadBlockSystemUInt64SystemUInt64SystemBytearray', ID = '729'
Method 'SystemVoidSystemCollectionsGenericList1CosmosHALBlockDeviceMBRPartInfoctor', ID = '730'
Method 'SystemVoidCosmosHALBlockDeviceMBRParsePartitionSystemBytearraySystemUInt32', ID = '731'
Method 'SystemVoidSystemCollectionsGenericList1CosmosHALBlockDeviceEBRPartInfoctor', ID = '732'
Method 'SystemVoidCosmosHALBlockDeviceEBRParsePartitionSystemBytearraySystemUInt32', ID = '733'
Method 'SystemVoidSystemThrowHelperThrowArgumentOutOfRange_IndexException', ID = '737'
Method 'SystemVoidCosmosHALBlockDeviceBlockDevicector', ID = '739'
Method 'SystemUInt64CosmosHALBlockDeviceBlockDeviceget_BlockSize', ID = '740'
Method 'CosmosHALPCIDeviceCosmosHALPCIGetDeviceClassCosmosHALClassIDCosmosHALSubclassIDCosmosHALProgramIF', ID = '741'
Method 'SystemVoidSystemCollectionsGenericList1CosmosHALBlockDevicePortsStoragePortctor', ID = '742'
Method 'SystemVoidCosmosHALPCIDeviceWriteRegister16SystemByteSystemUInt16', ID = '743'
Method 'SystemUInt32CosmosCoreMemoryBlockget_ItemSystemUInt32', ID = '745'
Method 'SystemVoidCosmosCoreMemoryBlockset_ItemSystemUInt32SystemUInt32', ID = '746'
Method 'SystemUInt32CosmosHALBlockDeviceRegistersGenericRegistersget_Capabilities', ID = '747'
Method 'SystemVoidSystemThrowHelperThrowArgumentOutOfRangeExceptionSystemExceptionArgumentSystemExceptionResource', ID = '768'
Method 'SystemVoidSystemArrayCopySystemArraySystemInt32SystemArraySystemInt32SystemInt32', ID = '770'
Method 'SystemUInt32CosmosHALBlockDeviceRegistersGenericRegistersget_ImplementedPorts', ID = '772'
Method 'SystemVoidCosmosHALBlockDeviceRegistersPortRegistersctorSystemUInt32SystemUInt32', ID = '773'
Method 'CosmosHALBlockDeviceRegistersPortTypeCosmosHALBlockDeviceAHCICheckPortTypeCosmosHALBlockDeviceRegistersPortRegisters', ID = '774'
Method 'SystemStringSystemStringPadLeftSystemInt32SystemChar', ID = '776'
Method 'SystemVoidCosmosHALBlockDeviceAHCIPortRebaseCosmosHALBlockDeviceRegistersPortRegistersSystemUInt32', ID = '777'
Method 'SystemVoidCosmosHALBlockDevicePortsSATActorCosmosHALBlockDeviceRegistersPortRegisters', ID = '778'
Method 'SystemVoidSystemCollectionsGenericList1CosmosHALBlockDevicePortsStoragePortAddCosmosHALBlockDevicePortsStoragePort', ID = '779'
Method 'SystemVoidSystemCollectionsGenericList1EnumeratorCosmosHALBlockDevicePortsStoragePortctorSystemCollectionsGenericList1CosmosHALBlockDevicePortsStoragePort', ID = '780'
Method 'SystemStringCosmosCore_PlugsSystemStringImplFormatSystemStringSystemObjectSystemObject', ID = '782'
Method 'SystemStringCosmosCore_PlugsSystemStringImplFormatSystemStringSystemObject', ID = '783'
Method 'SystemBooleanSystemCollectionsGenericList1EnumeratorCosmosHALBlockDevicePortsStoragePortMoveNextRare', ID = '784'
Method 'SystemVoidSystemCollectionsGenericList1EnumeratorCosmosHALBlockDevicePortsStoragePortDispose', ID = '788'
Method 'SystemVoidSystemCollectionsGenericList1CosmosHALKeyboardBasector', ID = '789'
Method 'SystemVoidCosmosSystemScanMapsUS_Standardctor', ID = '791'
Method 'SystemVoidSystemCollectionsGenericQueue1CosmosSystemKeyEventctor', ID = '793'
Method 'SystemCollectionsGenericIEnumerable1CosmosHALKeyboardBaseCosmosHALGlobalGetKeyboardDevices', ID = '795'
Method 'SystemVoidCosmosSystemKeyboardManagerAddKeyboardCosmosHALKeyboardBase', ID = '798'
Method 'SystemStringCosmosSystem_PlugsSystemEnumImplToString', ID = '800'
Method 'SystemConsoleColorCosmosSystemConsoleget_Background', ID = '801'
Method 'SystemConsoleColorCosmosSystemConsoleget_Foreground', ID = '802'
Method 'SystemUInt32CosmosHALPITget_T0DelyNS', ID = '805'
Method 'SystemInt32SystemCollectionsGenericList1CosmosHALPITPITTimerget_Count', ID = '806'
Method 'CosmosHALPITPITTimerSystemCollectionsGenericList1CosmosHALPITPITTimerget_ItemSystemInt32', ID = '807'
Method 'SystemVoidSystemCollectionsGenericList1CosmosHALPITPITTimerRemoveAtSystemInt32', ID = '809'
Method 'SystemVoidCosmosCore_AsmDelegateImplInvoke', ID = '662'
Method 'SystemVoidCosmosCoreINTsSetIntHandlerSystemByteCosmosCoreINTsIRQDelegate', ID = '812'
Method 'SystemVoidCosmosSystemConsoleUpdateCursor', ID = '819'
Method 'SystemVoidSystemCollectionsGenericList1SystemCharAddWithResizeSystemChar', ID = '820'
Method 'SystemVoidCosmosHALKeyboardBaseWaitForKey', ID = '821'
Method 'SystemInt32SystemCollectionsGenericQueue1CosmosSystemKeyEventget_Count', ID = '822'
Method 'CosmosSystemKeyEventSystemCollectionsGenericQueue1CosmosSystemKeyEventDequeue', ID = '823'
Method 'SystemVoidCosmosCore_PlugsSystemStringImplCtorSystemChararraySystemStringSystemInt32SystemCharpointer', ID = '825'
Method 'SystemBooleanCosmosCore_PlugsSystemStringImplEqualsHelperSystemStringSystemString', ID = '826'
Method 'SystemVoidCosmosSystemConsoleClear', ID = '827'
Method 'SystemVoidCosmosCore_AsmIOPortImplWrite16SystemUInt16SystemUInt16', ID = '828'
Method 'SystemStringSystemIOFileSystemInfoget_DisplayPath', ID = '830'
Method 'SystemVoidCosmosSystem_PlugsSystemIODirectoryImplcctor', ID = '831'
Method 'SystemVoidSystemIOFileSystemInfoctor', ID = '836'
Method 'SystemBooleanSystemIOPathHelpersShouldReviseDirectoryPathToCurrentSystemString', ID = '837'
Method 'SystemStringSystemIODirectoryInfoGetDisplayNameSystemString', ID = '839'
Method 'SystemVoidSystemIOFileSystemInfoset_DisplayPathSystemString', ID = '840'
Method 'SystemStringSystemSRget_Arg_FormatException', ID = '841'
Method 'SystemStringSystemCharToStringSystemChar', ID = '844'
Method 'SystemInt32CosmosSystem_PlugsSystemInt32ImplParseSystemString', ID = '845'
Method 'SystemVoidSystemCollectionsGenericList1SystemInt32AddWithResizeSystemInt32', ID = '846'
Method 'SystemDoubleCosmosSystem_PlugsSystemMathImplPowSystemDoubleSystemDouble', ID = '848'
Method 'SystemVoidCosmosCore_AsmRuntimeHelpersImplInitializeArraySystemArraySystemRuntimeFieldHandle', ID = '851'
Method 'SystemStringCosmosCore_PlugsSystemStringImplFormatSystemStringSystemObjectSystemObjectSystemObject', ID = '855'
Method 'SystemVoidCosmosCore_PlugsSystemEnvironmentImplCCtor', ID = '858'
Method 'SystemStringSystemSRget_Arg_IndexOutOfRangeException', ID = '860'
Method 'SystemVoidSystemBufferMemcpySystemBytepointerSystemBytepointerSystemInt32', ID = '861'
Method 'SystemVoidSystemTextEncodingcctor', ID = '862'
Method 'SystemInt32SystemTextASCIIEncodingGetByteCountSystemString', ID = '868'
Method 'SystemInt32SystemTextASCIIEncodingGetBytesSystemStringSystemInt32SystemInt32SystemBytearraySystemInt32', ID = '870'
Method 'SystemVoidCosmosCore_PlugsSystemTypeImplCCtor', ID = '874'
Method 'SystemVoidCosmosCoreCosmosRuntimeTypector', ID = '877'
Method 'SystemVoidCosmosCommonStringHelpercctor', ID = '878'
Method 'SystemStringCosmosSystem_PlugsSystemUInt64ImplToString', ID = '879'
Method 'SystemChararrayCosmosCore_PlugsSystemStringImplToCharArray', ID = '880'
Method 'SystemStringSystemSRget_ArgumentOutOfRange_StartIndex', ID = '881'
Method 'SystemVoidSystemArgumentOutOfRangeExceptionctorSystemStringSystemString', ID = '882'
Method 'SystemStringSystemSRget_ArgumentOutOfRange_StartIndexLargerThanLength', ID = '883'
Method 'SystemStringSystemSRget_ArgumentOutOfRange_NegativeLength', ID = '884'
Method 'SystemStringSystemSRget_ArgumentOutOfRange_IndexLength', ID = '885'
Method 'SystemStringSystemStringInternalSubStringSystemInt32SystemInt32', ID = '886'
Method 'SystemStringSystemSRget_ArgumentOutOfRange_ActualValue', ID = '887'
Method 'SystemStringSystemSRFormatSystemStringSystemObject', ID = '888'
Method 'SystemStringSystemSRget_Arg_ParamName_Name', ID = '889'
Method 'SystemStringSystemStringToLower', ID = '891'
Method 'SystemStringCosmosSystem_PlugsSystemInt64ImplToString', ID = '892'
Method 'SystemVoidSystemNotImplementedExceptionctor', ID = '895'
Method 'SystemStringCosmosSystem_PlugsSystemByteImplToString', ID = '896'
Method 'SystemByteCosmosCore_AsmIOPortImplRead8SystemUInt16', ID = '897'
Method 'SystemVoidCosmosCore_AsmIOPortImplWrite8SystemUInt16SystemByte', ID = '898'
Method 'SystemStringCosmosSystem_PlugsSystemUInt16ImplToString', ID = '902'
Method 'SystemVoidCosmosCoreIOGroupPS2Controllerctor', ID = '903'
Method 'SystemVoidCosmosCoreIOGroupPITctor', ID = '904'
Method 'SystemVoidCosmosCoreIOGroupATActorSystemBoolean', ID = '905'
Method 'SystemVoidCosmosCoreIOGroupRTCctor', ID = '906'
Method 'SystemVoidCosmosCoreIOGroupVBEctor', ID = '907'
Method 'SystemVoidCosmosCoreIOGroupPCIctor', ID = '908'
Method 'SystemVoidCosmosCore_AsmIOPortImplWrite32SystemUInt16SystemUInt32', ID = '909'
Method 'SystemUInt32CosmosCore_AsmIOPortImplRead32SystemUInt16', ID = '910'
Method 'SystemVoidSystemCollectionsGenericList1CosmosHALPCIDeviceAddWithResizeCosmosHALPCIDevice', ID = '911'
Method 'SystemInvalidOperationExceptionSystemThrowHelperGetInvalidOperationExceptionSystemExceptionResource', ID = '914'
Method 'SystemStringCosmosCommonExtensionsToHexStringConvertToHexSystemUInt32', ID = '915'
Method 'SystemVoidCosmosCore_PlugsSystemOutOfMemoryExceptionImplCtor', ID = '917'
Method 'SystemVoidCosmosHALPS2Mousecctor', ID = '918'
Method 'SystemVoidCosmosHALPS2MouseSendCommandCosmosHALPS2MouseCommandSystemNullable1SystemByte', ID = '919'
Method 'SystemBooleanCosmosHALPS2ControllerWaitForDeviceReset', ID = '920'
Method 'SystemByteCosmosHALPS2MouseTryToEnableScrollWheel', ID = '921'
Method 'SystemByteCosmosHALPS2MouseTryToEnableAdditionalButtons', ID = '922'
Method 'SystemVoidCosmosHALPS2MouseHandleMouseCosmosCoreINTsIRQContext', ID = '923'
Method 'SystemVoidCosmosHALPS2KeyboardSendCommandCosmosHALPS2KeyboardCommandSystemNullable1SystemByte', ID = '924'
Method 'SystemVoidCosmosHALPS2KeyboardHandleIRQCosmosCoreINTsIRQContext', ID = '925'
Method 'CosmosHALPCIDeviceSystemCollectionsGenericList1CosmosHALPCIDeviceget_ItemSystemInt32', ID = '929'
Method 'SystemInt32SystemCollectionsGenericList1CosmosHALPCIDeviceget_Count', ID = '930'
Method 'SystemVoidCosmosCoreIOGroupPCSpeakerctor', ID = '931'
Method 'SystemVoidCosmosHALBlockDeviceAtaPiocctor', ID = '933'
Method 'SystemStringCosmosHALBlockDeviceAtaPioToString', ID = '934'
Method 'SystemVoidCosmosHALBlockDeviceAtaPioSelectDriveSystemByte', ID = '935'
Method 'CosmosHALBlockDeviceAtaPioStatusCosmosHALBlockDeviceAtaPioSendCmdCosmosHALBlockDeviceAtaPioCmdSystemBoolean', ID = '936'
Method 'CosmosHALBlockDeviceAtaPioStatusCosmosHALBlockDeviceAtaPioSendCmdCosmosHALBlockDeviceAtaPioCmd', ID = '937'
Method 'SystemVoidCosmosCoreIOPortBaseRead16SystemUInt16array', ID = '938'
Method 'SystemStringCosmosHALBlockDeviceAtaPioGetStringSystemUInt16arraySystemInt32SystemInt32', ID = '939'
Method 'SystemVoidSystemCollectionsGenericList1CosmosHALBlockDeviceBlockDevicector', ID = '940'
Method 'SystemVoidSystemCollectionsGenericList1CosmosHALBlockDeviceBlockDevicecctor', ID = '941'
Method 'SystemVoidSystemCollectionsGenericList1CosmosHALBlockDeviceBlockDeviceEnsureCapacitySystemInt32', ID = '947'
Method 'SystemVoidCosmosHALBlockDeviceBlockDeviceCheckDataSizeSystemBytearraySystemUInt64', ID = '950'
Method 'SystemVoidCosmosHALBlockDeviceAtaPioSelectSectorSystemUInt64SystemUInt64', ID = '951'
Method 'SystemVoidCosmosCoreIOPortBaseRead8SystemBytearray', ID = '952'
Method 'SystemUInt32SystemBitConverterToUInt32SystemBytearraySystemInt32', ID = '954'
Method 'SystemVoidCosmosHALBlockDeviceMBRPartInfoctorSystemByteSystemUInt32SystemUInt32', ID = '955'
Method 'SystemVoidSystemCollectionsGenericList1CosmosHALBlockDeviceMBRPartInfoAddCosmosHALBlockDeviceMBRPartInfo', ID = '956'
Method 'SystemVoidCosmosHALBlockDeviceEBRPartInfoctorSystemByteSystemUInt32SystemUInt32', ID = '958'
Method 'SystemVoidSystemCollectionsGenericList1CosmosHALBlockDeviceEBRPartInfoAddCosmosHALBlockDeviceEBRPartInfo', ID = '959'
Method 'SystemVoidSystemCollectionsGenericList1CosmosHALBlockDeviceEBRPartInfocctor', ID = '960'
Method 'SystemVoidSystemCollectionsGenericList1CosmosHALBlockDeviceMBRPartInfocctor', ID = '966'
Method 'SystemVoidCosmosDebugKernelPlugsAsmDebuggerDoSendNumberSystemInt32', ID = '972'
Method 'SystemArgumentOutOfRangeExceptionSystemThrowHelperGetArgumentOutOfRangeExceptionSystemExceptionArgumentSystemExceptionResource', ID = '973'
Method 'SystemStringCosmosHALBlockDevicePartitionToString', ID = '974'
Method 'SystemVoidCosmosHALBlockDevicePartitionReadBlockSystemUInt64SystemUInt64SystemBytearray', ID = '975'
Method 'SystemVoidSystemCollectionsGenericList1CosmosHALBlockDevicePortsStoragePortcctor', ID = '977'
Method 'SystemUInt32CosmosHALBlockDeviceRegistersPortRegistersget_SSTS', ID = '985'
Method 'SystemUInt32CosmosHALBlockDeviceRegistersPortRegistersget_SIG', ID = '986'
Method 'SystemStringSystemSRget_ArgumentOutOfRange_NeedNonNegNum', ID = '987'
Method 'SystemBooleanCosmosHALBlockDeviceAHCIStopCMDCosmosHALBlockDeviceRegistersPortRegisters', ID = '988'
Method 'SystemVoidCosmosHALBlockDevicePortsSATAPortResetCosmosHALBlockDeviceRegistersPortRegisters', ID = '989'
Method 'SystemVoidCosmosHALBlockDeviceRegistersPortRegistersset_CLBSystemUInt32', ID = '990'
Method 'SystemVoidCosmosHALBlockDeviceRegistersPortRegistersset_FBSystemUInt32', ID = '991'
Method 'SystemVoidCosmosHALBlockDeviceRegistersPortRegistersset_SERRSystemUInt32', ID = '992'
Method 'SystemVoidCosmosHALBlockDeviceRegistersPortRegistersset_ISSystemUInt32', ID = '993'
Method 'SystemVoidCosmosHALBlockDeviceRegistersPortRegistersset_IESystemUInt32', ID = '994'
Method 'SystemUInt32CosmosHALBlockDeviceRegistersPortRegistersget_CLB', ID = '995'
Method 'SystemVoidCosmosCoreMemoryBlockFillSystemByte', ID = '996'
Method 'SystemUInt32CosmosHALBlockDeviceRegistersPortRegistersget_FB', ID = '997'
Method 'CosmosHALBlockDeviceRegistersHBACommandHeaderarrayCosmosHALBlockDeviceAHCIGetCommandHeaderCosmosHALBlockDeviceRegistersPortRegisters', ID = '998'
Method 'SystemBooleanCosmosHALBlockDeviceAHCIStartCMDCosmosHALBlockDeviceRegistersPortRegisters', ID = '999'
Method 'SystemVoidCosmosHALBlockDevicePortsStoragePortctor', ID = '1001'
Method 'SystemUInt32CosmosHALBlockDeviceRegistersPortRegistersget_CMD', ID = '1002'
Method 'SystemVoidCosmosCoreMemoryGroupAHCIctorSystemUInt32', ID = '1003'
Method 'SystemVoidCosmosHALBlockDevicePortsSATASendSATA28CommandCosmosHALBlockDeviceRegistersATACommandsSystemUInt32SystemUInt32', ID = '1004'
Method 'SystemVoidCosmosCoreMemoryBlockRead16SystemUInt16array', ID = '1006'
Method 'SystemStringCosmosHALBlockDevicePortsSATAGetStringSystemUInt16arraySystemInt32SystemInt32', ID = '1007'
Method 'SystemVoidSystemCollectionsGenericList1CosmosHALBlockDevicePortsStoragePortAddWithResizeCosmosHALBlockDevicePortsStoragePort', ID = '1008'
Method 'SystemStringCosmosCore_PlugsSystemStringImplFormatHelperSystemIFormatProviderSystemStringSystemObjectarray', ID = '1009'
Method 'SystemVoidSystemThrowHelperThrowInvalidOperationException_InvalidOperation_EnumFailedVersion', ID = '1010'
Method 'SystemVoidCosmosSystemScanMapBasector', ID = '1014'
Method 'CosmosSystemKeyEventarraySystemArrayEmptyCosmosSystemKeyEvent', ID = '1016'
Method 'SystemVoidSystemCollectionsGenericList1CosmosHALKeyboardBaseAddCosmosHALKeyboardBase', ID = '1018'
Method 'SystemCollectionsGenericIEnumerator1CosmosHALKeyboardBaseSystemCollectionsGenericList1CosmosHALKeyboardBaseSystemCollectionsGenericIEnumerableTGetEnumerator', ID = '1020'
Method 'SystemVoidCosmosSystemKeyboardManagerHandleScanCodeSystemByteSystemBoolean', ID = '1021'
Method 'SystemVoidCosmosCore_AsmDelegateImplCtorSystemObjectSystemIntPtr', ID = '811'
Method 'SystemVoidSystemCollectionsGenericList1CosmosHALPITPITTimercctor', ID = '1025'
Method 'SystemVoidCosmosHALPITPITTimerDispose', ID = '1031'
Method 'SystemVoidSystemCollectionsGenericList1SystemCharcctor', ID = '1034'
Method 'SystemBooleanCosmosCore_PlugsSystemRuntimeCompilerServicesRuntimeHelpersImplIsReferenceOrContainsReferences', ID = '1040'
Method 'SystemVoidSystemCollectionsGenericList1SystemCharEnsureCapacitySystemInt32', ID = '1042'
Method 'SystemVoidSystemCollectionsGenericQueue1CosmosSystemKeyEventThrowForEmptyQueue', ID = '1043'
Method 'SystemVoidSystemCollectionsGenericQueue1CosmosSystemKeyEventMoveNextSystemInt32', ID = '1045'
Method 'SystemVoidSystemMarshalByRefObjectctor', ID = '1052'
Method 'SystemStringCosmosSystem_PlugsSystemIOPathImplGetFullPathSystemString', ID = '1055'
Method 'SystemVoidSystemCollectionsGenericList1SystemInt32cctor', ID = '1056'
Method 'SystemStringSystemStringCreateFromCharSystemChar', ID = '1062'
Method 'SystemInt32SystemStringIndexOfSystemChar', ID = '1063'
Method 'SystemVoidSystemCollectionsGenericList1SystemInt32EnsureCapacitySystemInt32', ID = '1064'
Method 'SystemVoidSystemMathcctor', ID = '1065'
Method 'SystemBooleanSystemDoubleIsNaNSystemDouble', ID = '1067'
Method 'SystemBooleanSystemDoubleIsNegativeInfinitySystemDouble', ID = '1068'
Method 'SystemBooleanSystemDoubleIsPositiveInfinitySystemDouble', ID = '1069'
Method 'SystemBooleanSystemDoubleIsInfinitySystemDouble', ID = '1070'
Method 'SystemDoubleCosmosSystem_PlugsSystemMathImplAbsSystemDouble', ID = '1071'
Method 'SystemSingleCosmosSystem_PlugsSystemMathImplAbsSystemSingle', ID = '1072'
Method 'SystemDoubleCosmosSystem_PlugsSystemMathImplLogSystemDouble', ID = '1073'
Method 'SystemDoubleCosmosSystem_PlugsSystemMathImplExpSystemDouble', ID = '1074'
Method 'SystemVoidCosmosCore_PlugsSystemStringImplcctor', ID = '1077'
Method 'SystemVoidSystemTextASCIIEncodingcctor', ID = '1078'
Method 'SystemVoidSystemBufferMemmoveSystemBytepointerSystemBytepointerSystemUInt32', ID = '1081'
Method 'SystemVoidSystemTextUTF8EncodingUTF8EncodingSealedctorSystemBoolean', ID = '1082'
Method 'SystemInt32SystemTextEncodingGetByteCountSystemCharpointerSystemInt32SystemTextEncoderNLS', ID = '1085'
Method 'SystemInt32SystemTextASCIIEncodingGetByteCountSystemChararraySystemInt32SystemInt32', ID = '1086'
Method 'SystemStringSystemSRget_ArgumentNull_Array', ID = '1087'
Method 'SystemStringSystemSRget_ArgumentOutOfRange_IndexCount', ID = '1088'
Method 'SystemStringSystemSRget_ArgumentOutOfRange_Index', ID = '1089'
Method 'SystemInt32SystemTextEncodingGetBytesSystemCharpointerSystemInt32SystemBytepointerSystemInt32SystemTextEncoderNLS', ID = '1090'
Method 'SystemInt32SystemTextASCIIEncodingGetBytesSystemChararraySystemInt32SystemInt32SystemBytearraySystemInt32', ID = '1091'
Method 'SystemVoidCosmosHALTextScreenScrollUp', ID = '1092'
Method 'SystemVoidCosmosHALTextScreenset_ItemSystemInt32SystemInt32SystemByte', ID = '1093'
Method 'SystemStringCosmosCoreCosmosRuntimeTypeget_Name', ID = '1095'
Method 'SystemVoidSystemTypector', ID = '1096'
Method 'SystemStringCosmosCommonStringHelperGetNumberStringSystemUInt64', ID = '1102'
Method 'SystemBooleanSystemSRUsingResourceKeys', ID = '1103'
Method 'SystemStringSystemStringJoinSystemStringSystemObjectarray', ID = '1104'
Method 'SystemStringCosmosCommonStringHelperGetNumberStringSystemInt64', ID = '1109'
Method 'SystemStringSystemSRget_Arg_NotImplementedException', ID = '1110'
Method 'SystemVoidCosmosCoreIOPortReadctorSystemUInt16', ID = '1114'
Method 'SystemVoidCosmosCoreIOPortWritectorSystemUInt16', ID = '1115'
Method 'SystemUInt16CosmosCoreIOGroupATAGetBAR0SystemBoolean', ID = '1116'
Method 'SystemUInt16CosmosCoreIOGroupATAGetBAR1SystemBoolean', ID = '1117'
Method 'SystemVoidCosmosCoreIOPortWritectorSystemUInt16SystemUInt16', ID = '1118'
Method 'SystemVoidCosmosCoreIOPortctorSystemUInt16SystemUInt16', ID = '1119'
Method 'SystemVoidCosmosCoreIOPortReadctorSystemUInt16SystemUInt16', ID = '1120'
Method 'SystemVoidSystemCollectionsGenericList1CosmosHALPCIDeviceEnsureCapacitySystemInt32', ID = '1123'
Method 'SystemStringSystemThrowHelperGetResourceStringSystemExceptionResource', ID = '1124'
Method 'SystemCharCosmosCommonExtensionsToHexStringDigitToHexCharSystemByte', ID = '1125'
Method 'SystemByteCosmosHALPS2Mouseget_PS2Port', ID = '1129'
Method 'SystemVoidCosmosHALPS2ControllerPrepareSecondPortWrite', ID = '1130'
Method 'SystemByteCosmosHALPS2ControllerReadByteAfterAck', ID = '1131'
Method 'SystemBooleanCosmosHALPS2Mouseget_HasScrollWheel', ID = '1132'
Method 'SystemVoidCosmosCore_AsmDelegateImplInvoke', ID = '662'
Method 'SystemByteCosmosHALPS2Keyboardget_PS2Port', ID = '1135'
Method 'SystemVoidCosmosCore_AsmDelegateImplInvoke', ID = '662'
Method 'SystemVoidCosmosHALPS2KeyboardUpdateLeds', ID = '1137'
Method 'SystemVoidCosmosHALBlockDeviceAtaPioWait', ID = '1140'
Method 'SystemVoidCosmosHALBlockDeviceAtaPioDebugSystemString', ID = '1143'
Method 'SystemVoidCosmosHALBlockDeviceAtaPioDebugHexSystemStringSystemUInt32', ID = '1144'
Method 'SystemVoidSystemCollectionsGenericList1CosmosHALBlockDeviceBlockDeviceset_CapacitySystemInt32', ID = '1148'
Method 'SystemVoidCosmosHALBlockDeviceBlockDeviceCheckBlockNoSystemUInt64SystemUInt64', ID = '1149'
Method 'SystemVoidCosmosCoreIOPortWriteset_WordSystemUInt16', ID = '1150'
Method 'SystemInt32SystemBitConverterReadInt32SystemBytearraySystemInt32', ID = '1151'
Method 'SystemVoidSystemCollectionsGenericList1CosmosHALBlockDeviceMBRPartInfoAddWithResizeCosmosHALBlockDeviceMBRPartInfo', ID = '1152'
Method 'SystemVoidSystemCollectionsGenericList1CosmosHALBlockDeviceEBRPartInfoAddWithResizeCosmosHALBlockDeviceEBRPartInfo', ID = '1154'
Method 'SystemStringSystemThrowHelperGetArgumentNameSystemExceptionArgument', ID = '1155'
Method 'SystemVoidCosmosCore_AsmArrayImplCopySystemArraySystemInt32SystemArraySystemInt32SystemInt32SystemBoolean', ID = '1156'
Method 'SystemVoidCosmosHALBlockDeviceRegistersPortRegistersset_CMDSystemUInt32', ID = '1157'
Method 'SystemVoidCosmosHALBlockDeviceAHCIWaitSystemInt32', ID = '1158'
Method 'SystemUInt32CosmosHALBlockDeviceRegistersPortRegistersget_CI', ID = '1159'
Method 'SystemUInt32CosmosHALBlockDeviceRegistersPortRegistersget_TFD', ID = '1160'
Method 'SystemVoidCosmosHALBlockDeviceAHCIHBAReset', ID = '1161'
Method 'SystemVoidCosmosHALBlockDeviceRegistersPortRegistersset_SCTLSystemUInt32', ID = '1162'
Method 'SystemUInt32CosmosHALBlockDeviceRegistersPortRegistersget_SCTL', ID = '1163'
Method 'SystemVoidCosmosCoreMemoryBlockFillSystemUInt32SystemUInt32SystemByte', ID = '1164'
Method 'SystemVoidCosmosHALBlockDeviceRegistersHBACommandHeaderctorSystemUInt32SystemUInt32', ID = '1167'
Method 'SystemVoidCosmosHALBlockDeviceRegistersHBACommandHeaderset_PRDTLSystemUInt16', ID = '1168'
Method 'SystemVoidCosmosHALBlockDeviceRegistersHBACommandHeaderset_CTBASystemUInt32', ID = '1169'
Method 'SystemVoidCosmosHALBlockDeviceRegistersHBACommandHeaderset_CTBAUSystemUInt32', ID = '1170'
Method 'SystemUInt32CosmosHALBlockDeviceRegistersHBACommandHeaderget_CTBA', ID = '1171'
Method 'SystemVoidCosmosHALBlockDevicePortsSATAcctor', ID = '1172'
Method 'SystemVoidCosmosHALBlockDevicePortsSATAReadBlockSystemUInt64SystemUInt64SystemBytearray', ID = '1173'
Method 'CosmosHALBlockDeviceRegistersPortTypeCosmosHALBlockDevicePortsSATAget_mPortType', ID = '1174'
Method 'SystemStringCosmosHALBlockDevicePortsSATAget_mPortName', ID = '1175'
Method 'SystemUInt32CosmosHALBlockDevicePortsSATAget_mPortNumber', ID = '1176'
Method 'SystemInt32CosmosHALBlockDevicePortsSATAFindCMDSlot', ID = '1178'
Method 'SystemVoidCosmosHALBlockDeviceRegistersHBACommandHeaderset_CFLSystemByte', ID = '1179'
Method 'SystemVoidCosmosHALBlockDeviceRegistersHBACommandHeaderset_WriteSystemByte', ID = '1180'
Method 'SystemUInt16CosmosHALBlockDeviceRegistersHBACommandHeaderget_PRDTL', ID = '1181'
Method 'SystemVoidCosmosHALBlockDeviceRegistersHBACommandTablectorSystemUInt32SystemUInt32', ID = '1182'
Method 'SystemVoidCosmosHALBlockDeviceRegistersHBAPRDTEntryset_DBASystemUInt32', ID = '1184'
Method 'SystemVoidCosmosHALBlockDeviceRegistersHBAPRDTEntryset_DBCSystemUInt32', ID = '1185'
Method 'SystemVoidCosmosHALBlockDeviceRegistersHBAPRDTEntryset_InterruptOnCompletionSystemByte', ID = '1186'
Method 'SystemUInt32CosmosHALBlockDeviceRegistersHBACommandTableget_CFIS', ID = '1187'
Method 'SystemVoidCosmosHALBlockDeviceRegistersFISRegisterH2DctorSystemUInt32', ID = '1188'
Method 'SystemVoidCosmosHALBlockDeviceRegistersFISRegisterH2Dset_FISTypeSystemByte', ID = '1189'
Method 'SystemVoidCosmosHALBlockDeviceRegistersFISRegisterH2Dset_IsCommandSystemByte', ID = '1190'
Method 'SystemVoidCosmosHALBlockDeviceRegistersFISRegisterH2Dset_CommandSystemByte', ID = '1191'
Method 'SystemVoidCosmosHALBlockDeviceRegistersFISRegisterH2Dset_DeviceSystemByte', ID = '1192'
Method 'SystemVoidCosmosHALBlockDeviceRegistersFISRegisterH2Dset_LBA0SystemByte', ID = '1193'
Method 'SystemVoidCosmosHALBlockDeviceRegistersFISRegisterH2Dset_LBA1SystemByte', ID = '1194'
Method 'SystemVoidCosmosHALBlockDeviceRegistersFISRegisterH2Dset_LBA2SystemByte', ID = '1195'
Method 'SystemVoidCosmosHALBlockDeviceRegistersFISRegisterH2Dset_CountLSystemByte', ID = '1196'
Method 'SystemVoidCosmosHALBlockDeviceRegistersPortRegistersset_CISystemUInt32', ID = '1198'
Method 'SystemUInt32CosmosHALBlockDeviceRegistersPortRegistersget_IS', ID = '1199'
Method 'SystemVoidSystemCollectionsGenericList1CosmosHALBlockDevicePortsStoragePortEnsureCapacitySystemInt32', ID = '1200'
Method 'SystemInt32CosmosCommonStringHelperGetStringToNumberSystemString', ID = '1202'
Method 'SystemBooleanSystemCharIsDigitSystemChar', ID = '1203'
Method 'SystemVoidSystemCollectionsGenericList1CosmosHALKeyboardBasecctor', ID = '1204'
Method 'SystemVoidSystemCollectionsGenericList1CosmosHALKeyboardBaseAddWithResizeCosmosHALKeyboardBase', ID = '1216'
Method 'SystemVoidSystemCollectionsGenericList1EnumeratorCosmosHALKeyboardBasectorSystemCollectionsGenericList1CosmosHALKeyboardBase', ID = '1217'
Method 'SystemBooleanCosmosSystemScanMapBaseScanCodeMatchesKeySystemByteCosmosSystemConsoleKeyEx', ID = '1219'
Method 'SystemBooleanCosmosSystemKeyboardManagerget_CapsLock', ID = '1220'
Method 'SystemVoidCosmosSystemKeyboardManagerUpdateLeds', ID = '1221'
Method 'SystemBooleanCosmosSystemKeyboardManagerget_NumLock', ID = '1222'
Method 'SystemBooleanCosmosSystemKeyboardManagerget_ScrollLock', ID = '1223'
Method 'SystemVoidCosmosSystemKeyboardManagerset_ControlPressedSystemBoolean', ID = '1224'
Method 'SystemVoidCosmosSystemKeyboardManagerset_ShiftPressedSystemBoolean', ID = '1225'
Method 'SystemVoidCosmosSystemKeyboardManagerset_AltPressedSystemBoolean', ID = '1226'
Method 'SystemBooleanCosmosSystemKeyboardManagerget_ControlPressed', ID = '1227'
Method 'SystemBooleanCosmosSystemKeyboardManagerget_AltPressed', ID = '1228'
Method 'SystemVoidCosmosSystemPowerReboot', ID = '1229'
Method 'SystemBooleanCosmosSystemKeyboardManagerGetKeySystemByteCosmosSystemKeyEvent', ID = '1230'
Method 'SystemVoidCosmosSystemKeyboardManagerEnqueueCosmosSystemKeyEvent', ID = '1231'
Method 'SystemByteCosmosHALTextScreenGetColor', ID = '1233'
Method 'SystemVoidCosmosHALPITUnregisterTimerSystemInt32', ID = '1234'
Method 'SystemVoidCosmosHALTextScreenSetCursorPosSystemInt32SystemInt32', ID = '1236'
Method 'SystemVoidSystemCollectionsGenericList1SystemCharset_CapacitySystemInt32', ID = '1237'
Method 'SystemStringSystemSRget_InvalidOperation_EmptyQueue', ID = '1238'
Method 'SystemInt32CosmosCore_PlugsSystemStringImplCompareToSystemString', ID = '1239'
Method 'SystemVoidCosmosHALTextScreenClear', ID = '1240'
Method 'SystemVoidSystemIOPathHelperscctor', ID = '1241'
Method 'SystemStringCosmosSystem_PlugsSystemIOPathImplNormalizePathSystemStringSystemBoolean', ID = '1244'
Method 'SystemVoidSystemCollectionsGenericList1SystemInt32set_CapacitySystemInt32', ID = '1246'
Method 'SystemVoidCosmosSystem_PlugsSystemMathImplcctor', ID = '1250'
Method 'SystemInt32CosmosSystem_PlugsSystemMathImplHighWordSystemDouble', ID = '1252'
Method 'SystemInt32CosmosSystem_PlugsSystemMathImplLowWordSystemDouble', ID = '1253'
Method 'SystemBytearraySystemBitConverterGetBytesSystemInt64', ID = '1254'
Method 'SystemBytearraySystemBitConverterGetBytesSystemInt32', ID = '1255'
Method 'SystemDoubleSystemBitConverterToDoubleSystemBytearraySystemInt32', ID = '1256'
Method 'SystemVoidSystemTextASCIIEncodingASCIIEncodingSealedctor', ID = '1259'
Method 'SystemVoidSystemBuffer_MemmoveSystemBytepointerSystemBytepointerSystemUInt32', ID = '1262'
Method 'SystemVoidSystemTextUTF8EncodingctorSystemBoolean', ID = '1264'
Method 'SystemInt32CosmosSystem_PlugsSystemRuntimeRuntimeHelpersImplget_OffsetToStringData', ID = '1265'
Method 'SystemInt32SystemTextASCIIEncodingGetByteCountSystemCharpointerSystemInt32SystemTextEncoderNLS', ID = '1267'
Method 'SystemInt32SystemTextUTF8EncodingGetByteCountSystemCharpointerSystemInt32SystemTextEncoderNLS', ID = '1268'
Method 'SystemInt32SystemTextEncodingGetByteCountSystemCharpointerSystemInt32', ID = '1269'
Method 'SystemStringSystemSRget_ArgumentOutOfRange_IndexCountBuffer', ID = '1270'
Method 'SystemInt32SystemTextASCIIEncodingGetBytesSystemCharpointerSystemInt32SystemBytepointerSystemInt32SystemTextEncoderNLS', ID = '1271'
Method 'SystemInt32SystemTextUTF8EncodingGetBytesSystemCharpointerSystemInt32SystemBytepointerSystemInt32SystemTextEncoderNLS', ID = '1272'
Method 'SystemInt32SystemTextEncodingGetBytesSystemCharpointerSystemInt32SystemBytepointerSystemInt32', ID = '1273'
Method 'SystemVoidCosmosCoreMemoryBlockMoveDownSystemUInt32SystemUInt32SystemUInt32', ID = '1274'
Method 'SystemVoidCosmosCoreMemoryBlockFillSystemUInt32SystemUInt32SystemUInt16', ID = '1275'
Method 'SystemVoidCosmosCoreMemoryBlock08set_ItemSystemUInt32SystemByte', ID = '1276'
Method 'SystemVoidCosmosCore_PlugsSystemTypeImplcctor', ID = '1277'
Method 'SystemVoidSystemReflectionMemberInfoctor', ID = '1278'
Method 'SystemVoidSystemGuidcctor', ID = '1279'
Method 'SystemStringSystemGuidToString', ID = '1280'
Method 'SystemStringSystemStringJoinCoreSystemCharpointerSystemInt32SystemObjectarray', ID = '1283'
Method 'SystemGlobalizationCultureInfoCosmosCore_PlugsSystemGlobalizationCultureInfoImplget_CurrentCulture', ID = '1285'
Method 'SystemStringCosmosCore_PlugsSystemStringImplToLowerSystemGlobalizationCultureInfo', ID = '1286'
Method 'SystemVoidCosmosCoreIOPortBasectorSystemUInt16SystemUInt16', ID = '1287'
Method 'SystemVoidSystemCollectionsGenericList1CosmosHALPCIDeviceset_CapacitySystemInt32', ID = '1288'
Method 'SystemStringSystemSRGetResourceStringSystemString', ID = '1289'
Method 'SystemUInt16CosmosCore_AsmIOPortImplRead16SystemUInt16', ID = '1296'
Method 'SystemVoidSystemThrowHelperThrowArgumentNullExceptionSystemExceptionArgument', ID = '1297'
Method 'SystemVoidSystemThrowHelperThrowArgumentExceptionSystemExceptionResourceSystemExceptionArgument', ID = '1298'
Method 'SystemInt32SystemRuntimeCompilerServicesUnsafeReadUnalignedSystemInt32SystemByte', ID = '1299'
Method 'SystemVoidSystemCollectionsGenericList1CosmosHALBlockDeviceMBRPartInfoEnsureCapacitySystemInt32', ID = '1300'
Method 'SystemVoidSystemCollectionsGenericList1CosmosHALBlockDeviceEBRPartInfoEnsureCapacitySystemInt32', ID = '1301'
Method 'SystemVoidCosmosCoreMemoryOperationsFillSystemBytepointerSystemByteSystemInt32', ID = '1303'
Method 'SystemVoidCosmosCoreMemoryBlock16set_ItemSystemUInt32SystemUInt16', ID = '1309'
Method 'SystemVoidCosmosHALBlockDevicePortsSATASendSATA48CommandCosmosHALBlockDeviceRegistersATACommandsSystemUInt64SystemUInt32', ID = '1310'
Method 'SystemVoidCosmosCoreMemoryBlockRead8SystemBytearray', ID = '1311'
Method 'SystemUInt32CosmosHALBlockDeviceRegistersPortRegistersget_SACT', ID = '1312'
Method 'SystemByteCosmosCoreMemoryBlock08get_ItemSystemUInt32', ID = '1313'
Method 'SystemUInt16CosmosCoreMemoryBlock16get_ItemSystemUInt32', ID = '1314'
Method 'SystemVoidCosmosHALBlockDeviceRegistersHBAPRDTEntryctorSystemUInt32SystemUInt32', ID = '1316'
Method 'SystemBooleanSystemStringIsNullOrWhiteSpaceSystemString', ID = '1318'
Method 'SystemBooleanSystemCharIsLatin1SystemChar', ID = '1319'
Method 'SystemGlobalizationUnicodeCategorySystemGlobalizationCharUnicodeInfoGetUnicodeCategorySystemChar', ID = '1320'
Method 'SystemVoidCosmosSystemScanMapsUS_StandardInitKeys', ID = '1321'
Method 'SystemVoidSystemArrayEmptyArray1CosmosSystemKeyEventcctor', ID = '1325'
Method 'SystemVoidSystemCollectionsGenericList1CosmosHALKeyboardBaseEnsureCapacitySystemInt32', ID = '1326'
Method 'SystemVoidSystemCollectionsGenericList1EnumeratorCosmosHALKeyboardBaseDispose', ID = '1327'
Method 'CosmosHALKeyboardBaseSystemCollectionsGenericList1EnumeratorCosmosHALKeyboardBaseget_Current', ID = '1328'
Method 'SystemBooleanSystemCollectionsGenericList1EnumeratorCosmosHALKeyboardBaseMoveNext', ID = '1329'
Method 'CosmosSystemKeyMappingSystemCollectionsGenericList1CosmosSystemKeyMappingget_ItemSystemInt32', ID = '1330'
Method 'SystemInt32SystemCollectionsGenericList1CosmosSystemKeyMappingget_Count', ID = '1332'
Method 'SystemCollectionsGenericList1EnumeratorCosmosHALKeyboardBaseSystemCollectionsGenericList1CosmosHALKeyboardBaseGetEnumerator', ID = '1333'
Method 'SystemVoidCosmosHALPowerCPUReboot', ID = '1338'
Method 'SystemBooleanCosmosSystemKeyboardManagerget_ShiftPressed', ID = '1340'
Method 'CosmosSystemKeyEventCosmosSystemScanMapBaseConvertScanCodeSystemByteSystemBooleanSystemBooleanSystemBooleanSystemBooleanSystemBooleanSystemBoolean', ID = '1341'
Method 'SystemVoidSystemCollectionsGenericQueue1CosmosSystemKeyEventEnqueueCosmosSystemKeyEvent', ID = '1342'
Method 'SystemVoidCosmosCoreMemoryBlockFillSystemUInt16', ID = '1343'
Method 'SystemVoidCosmosSystem_PlugsSystemIOPathImplCctorSystemCharSystemCharSystemChar', ID = '1351'
Method 'SystemBooleanCosmosSystem_PlugsSystemIOPathImplIsRelativeSystemString', ID = '1352'
Method 'SystemBooleanCosmosSystem_PlugsSystemIOPathImplIsDirectorySeparatorSystemChar', ID = '1354'
Method 'SystemStringSystemStringRemoveSystemInt32', ID = '1355'
Method 'SystemInt32CosmosCore_PlugsSystemStringImplIndexOfSystemCharSystemInt32SystemInt32', ID = '1356'
Method 'SystemVoidSystemSinglecctor', ID = '1358'
Method 'SystemInt32SystemBitConverterToInt32SystemBytearraySystemInt32', ID = '1362'
Method 'SystemInt64SystemRuntimeCompilerServicesUnsafeAsSystemByteSystemInt64SystemByte', ID = '1363'
Method 'SystemInt32SystemRuntimeCompilerServicesUnsafeAsSystemByteSystemInt32SystemByte', ID = '1364'
Method 'SystemInt64SystemBitConverterReadInt64SystemBytearraySystemInt32', ID = '1365'
Method 'SystemVoidSystemTextASCIIEncodingctor', ID = '1367'
Method 'SystemInt32SystemTextUTF8EncodingGetByteCountSystemString', ID = '1370'
Method 'SystemInt32SystemTextUTF8EncodingGetBytesSystemStringSystemInt32SystemInt32SystemBytearraySystemInt32', ID = '1371'
Method 'SystemInt32SystemTextUTF8EncodingGetByteCountSystemChararraySystemInt32SystemInt32', ID = '1372'
Method 'SystemInt32SystemTextUTF8EncodingGetBytesSystemChararraySystemInt32SystemInt32SystemBytearraySystemInt32', ID = '1373'
Method 'SystemVoidSystemTextUTF8EncodingctorSystemBooleanSystemBoolean', ID = '1374'
Method 'SystemTextEncoderFallbackSystemTextEncoderget_Fallback', ID = '1377'
Method 'SystemBooleanSystemTextEncoderget_InternalHasFallbackBuffer', ID = '1379'
Method 'SystemTextEncoderFallbackBufferSystemTextEncoderget_FallbackBuffer', ID = '1380'
Method 'SystemStringSystemSRget_Argument_EncoderFallbackNotEmpty', ID = '1382'
Method 'SystemStringSystemTextEncodingget_EncodingName', ID = '1383'
Method 'SystemStringSystemSRFormatSystemStringSystemObjectSystemObject', ID = '1384'
Method 'SystemVoidSystemArgumentExceptionctorSystemString', ID = '1385'
Method 'SystemVoidSystemTextEncoderFallbackBufferInternalInitializeSystemCharpointerSystemCharpointerSystemTextEncoderNLSSystemBoolean', ID = '1386'
Method 'SystemTextEncoderFallbackSystemTextEncodingget_EncoderFallback', ID = '1387'
Method 'SystemBooleanSystemTextEncoderFallbackBufferInternalFallbackSystemCharSystemCharpointer', ID = '1389'
Method 'SystemCharSystemTextEncoderFallbackBufferInternalGetNextChar', ID = '1391'
Method 'SystemBooleanSystemTextUTF8EncodingInRangeSystemInt32SystemInt32SystemInt32', ID = '1394'
Method 'SystemBooleanSystemTextEncoderNLSget_MustFlush', ID = '1395'
Method 'SystemInt32SystemTextUTF8EncodingPtrDiffSystemCharpointerSystemCharpointer', ID = '1396'
Method 'SystemInt32SystemTextASCIIEncodingGetByteCountSystemCharpointerSystemInt32', ID = '1397'
Method 'SystemInt32SystemTextUTF8EncodingGetByteCountSystemCharpointerSystemInt32', ID = '1398'
Method 'SystemStringSystemTextEncoderReplacementFallbackget_DefaultString', ID = '1399'
Method 'SystemVoidSystemTextEncodingThrowBytesOverflowSystemTextEncoderNLSSystemBoolean', ID = '1400'
Method 'SystemInt32SystemTextUTF8EncodingPtrDiffSystemBytepointerSystemBytepointer', ID = '1402'
Method 'SystemInt32SystemTextASCIIEncodingGetBytesSystemCharpointerSystemInt32SystemBytepointerSystemInt32', ID = '1403'
Method 'SystemInt32SystemTextUTF8EncodingGetBytesSystemCharpointerSystemInt32SystemBytepointerSystemInt32', ID = '1404'
Method 'SystemVoidCosmosCoreMemoryOperationsFillSystemUInt16pointerSystemUInt16SystemInt32', ID = '1406'
Method 'SystemStringSystemGuidToStringSystemStringSystemIFormatProvider', ID = '1408'
Method 'SystemTextStringBuilderSystemTextStringBuilderCacheAcquireSystemInt32', ID = '1409'
Method 'SystemTextStringBuilderSystemTextStringBuilderAppendSystemString', ID = '1410'
Method 'SystemTextStringBuilderSystemTextStringBuilderAppendSystemCharpointerSystemInt32', ID = '1411'
Method 'SystemStringSystemTextStringBuilderCacheGetStringAndReleaseSystemTextStringBuilder', ID = '1412'
Method 'SystemStringSystemGlobalizationCultureInfoToString', ID = '1414'
Method 'SystemStringCosmosCore_PlugsSystemStringImplChangeCasingSystemStringSystemInt32SystemInt32SystemInt32', ID = '1416'
Method 'SystemArgumentNullExceptionSystemThrowHelperGetArgumentNullExceptionSystemExceptionArgument', ID = '1417'
Method 'SystemArgumentExceptionSystemThrowHelperGetArgumentExceptionSystemExceptionResourceSystemExceptionArgument', ID = '1418'
Method 'SystemVoidSystemCollectionsGenericList1CosmosHALBlockDeviceMBRPartInfoset_CapacitySystemInt32', ID = '1420'
Method 'SystemVoidSystemCollectionsGenericList1CosmosHALBlockDeviceEBRPartInfoset_CapacitySystemInt32', ID = '1421'
Method 'SystemVoidCosmosHALBlockDeviceRegistersFISRegisterH2Dset_LBA3SystemByte', ID = '1424'
Method 'SystemVoidCosmosHALBlockDeviceRegistersFISRegisterH2Dset_LBA4SystemByte', ID = '1425'
Method 'SystemVoidCosmosHALBlockDeviceRegistersFISRegisterH2Dset_LBA5SystemByte', ID = '1426'
Method 'SystemVoidCosmosHALBlockDeviceRegistersFISRegisterH2Dset_CountHSystemByte', ID = '1427'
Method 'SystemBooleanSystemCharIsWhiteSpaceSystemChar', ID = '1428'
Method 'SystemGlobalizationUnicodeCategorySystemGlobalizationCharUnicodeInfoInternalGetUnicodeCategorySystemInt32', ID = '1431'
Method 'SystemVoidSystemCollectionsGenericList1CosmosSystemKeyMappingctorSystemInt32', ID = '1432'
Method 'SystemVoidCosmosSystemKeyMappingctorSystemByteCosmosSystemConsoleKeyEx', ID = '1433'
Method 'SystemVoidSystemCollectionsGenericList1CosmosSystemKeyMappingAddCosmosSystemKeyMapping', ID = '1434'
Method 'SystemVoidCosmosSystemKeyMappingctorSystemByteSystemCharSystemCharSystemCharSystemCharSystemCharSystemCharCosmosSystemConsoleKeyEx', ID = '1435'
Method 'SystemVoidCosmosSystemKeyMappingctorSystemByteSystemCharCosmosSystemConsoleKeyEx', ID = '1436'
Method 'SystemVoidCosmosSystemKeyMappingctorSystemByteSystemCharSystemCharSystemCharSystemCharSystemCharSystemCharCosmosSystemConsoleKeyExCosmosSystemConsoleKeyEx', ID = '1437'
Method 'SystemVoidSystemCollectionsGenericList1CosmosHALKeyboardBaseset_CapacitySystemInt32', ID = '1438'
Method 'SystemBooleanSystemCollectionsGenericList1EnumeratorCosmosHALKeyboardBaseMoveNextRare', ID = '1439'
Method 'SystemVoidCosmosCoreCPUReboot', ID = '1442'
Method 'SystemVoidCosmosSystemKeyEventctor', ID = '1443'
Method 'SystemConsoleModifiersCosmosSystemKeyEventget_Modifiers', ID = '1444'
Method 'SystemVoidCosmosSystemKeyEventset_ModifiersSystemConsoleModifiers', ID = '1445'
Method 'SystemVoidCosmosSystemKeyEventset_TypeCosmosSystemKeyEventKeyEventType', ID = '1446'
Method 'SystemVoidCosmosSystemKeyEventset_KeyCharSystemChar', ID = '1447'
Method 'SystemVoidCosmosSystemKeyEventset_KeyCosmosSystemConsoleKeyEx', ID = '1448'
Method 'SystemVoidSystemCollectionsGenericQueue1CosmosSystemKeyEventSetCapacitySystemInt32', ID = '1449'
Method 'SystemCharCosmosSystemFileSystemVFSVFSManagerGetAltDirectorySeparatorChar', ID = '1451'
Method 'SystemCharCosmosSystemFileSystemVFSVFSManagerGetDirectorySeparatorChar', ID = '1452'
Method 'SystemCharCosmosSystemFileSystemVFSVFSManagerGetVolumeSeparatorChar', ID = '1453'
Method 'SystemStringCosmosSystem_PlugsSystemIODirectoryImplGetCurrentDirectory', ID = '1455'
Method 'SystemStringSystemSRget_ArgumentOutOfRange_StartIndexLessThanLength', ID = '1456'
Method 'SystemSingleSystemBitConverterInt32BitsToSingleSystemInt32', ID = '1457'
Method 'SystemStringCosmosSystem_PlugsSystemFloatImplToString', ID = '1459'
Method 'SystemInt64SystemRuntimeCompilerServicesUnsafeReadUnalignedSystemInt64SystemByte', ID = '1460'
Method 'SystemVoidSystemTextEncodingctorSystemInt32', ID = '1461'
Method 'SystemVoidCosmosCore_PlugsSystemBufferImpl__MemmoveSystemBytepointerSystemBytepointerSystemUInt32', ID = '1462'
Method 'SystemVoidSystemTextUTF8Encodingcctor', ID = '1463'
Method 'SystemVoidSystemTextEncodingSetDefaultFallbacks', ID = '1464'
Method 'SystemTextEncoderFallbackSystemTextEncoderFallbackget_ReplacementFallback', ID = '1466'
Method 'SystemInt32SystemTextEncoderReplacementFallbackget_MaxCharCount', ID = '1467'
Method 'SystemBooleanSystemCharIsHighSurrogateSystemChar', ID = '1469'
Method 'SystemBooleanSystemCharIsLowSurrogateSystemChar', ID = '1470'
Method 'SystemInt32SystemCharConvertToUtf32SystemCharSystemChar', ID = '1471'
Method 'SystemVoidSystemTextEncoderFallbackBufferThrowLastCharRecursiveSystemInt32', ID = '1472'
Method 'SystemTextEncoderFallbackBufferSystemTextEncoderReplacementFallbackCreateFallbackBuffer', ID = '1475'
Method 'SystemTextEncoderFallbackBufferCosmosCore_PlugsSystemTextEncoderFallbackImplCreateFallbackBuffer', ID = '1476'
Method 'SystemVoidSystemTextEncoderFallbackBufferInternalReset', ID = '1478'
Method 'SystemVoidSystemTextEncodingThrowBytesOverflow', ID = '1479'
Method 'SystemVoidSystemTextEncoderNLSClearMustFlush', ID = '1480'
Method 'SystemVoidCosmosCore_PlugsMemoryOperationsMemoryOperationsImplCopySystemBytepointerSystemBytepointerSystemInt32', ID = '1481'
Method 'SystemStringSystemSRget_Format_InvalidGuidFormatSpecification', ID = '1483'
Method 'SystemInt32SystemGuidHexsToCharsSystemCharpointerSystemInt32SystemInt32', ID = '1484'
Method 'SystemInt32SystemGuidHexsToCharsHexOutputSystemCharpointerSystemInt32SystemInt32', ID = '1485'
Method 'SystemInt32SystemTextStringBuilderget_Capacity', ID = '1489'
Method 'SystemTextStringBuilderSystemTextStringBuilderClear', ID = '1490'
Method 'SystemVoidSystemTextStringBuilderctorSystemInt32', ID = '1491'
Method 'SystemVoidSystemTextStringBuilderAppendHelperSystemString', ID = '1492'
Method 'SystemStringSystemSRget_ArgumentOutOfRange_NegativeCount', ID = '1493'
Method 'SystemInt32SystemTextStringBuilderget_Length', ID = '1494'
Method 'SystemStringSystemSRget_ArgumentOutOfRange_LengthGreaterThanCapacity', ID = '1495'
Method 'SystemVoidSystemTextStringBuilderThreadSafeCopySystemCharpointerSystemChararraySystemInt32SystemInt32', ID = '1496'
Method 'SystemVoidSystemTextStringBuilderExpandByABlockSystemInt32', ID = '1497'
Method 'SystemVoidSystemTextStringBuilderCacheReleaseSystemTextStringBuilder', ID = '1498'
Method 'SystemVoidCosmosCore_PlugsSystemGlobalizationCultureInfoImplCCtor', ID = '1499'
Method 'SystemVoidCosmosCore_PlugsMemoryOperationsMemoryOperationsImplFillSystemBytepointerSystemInt32SystemInt32', ID = '1500'
Method 'SystemBooleanSystemCharIsWhiteSpaceLatin1SystemChar', ID = '1501'
Method 'SystemBooleanSystemGlobalizationCharUnicodeInfoIsWhiteSpaceSystemChar', ID = '1502'
Method 'SystemByteSystemGlobalizationCharUnicodeInfoInternalGetCategoryValueSystemInt32SystemInt32', ID = '1504'
Method 'SystemVoidSystemCollectionsGenericList1CosmosSystemKeyMappingAddWithResizeCosmosSystemKeyMapping', ID = '1506'
Method 'SystemVoidCosmosSystemKeyMappingctorSystemByteSystemCharSystemCharSystemCharSystemCharSystemCharSystemCharSystemCharSystemCharSystemCharSystemCharCosmosSystemConsoleKeyEx', ID = '1507'
Method 'SystemVoidCosmosSystemKeyMappingctorSystemByteSystemCharSystemCharSystemCharSystemCharSystemCharSystemCharSystemCharCosmosSystemConsoleKeyExCosmosSystemConsoleKeyEx', ID = '1508'
Method 'SystemVoidSystemCollectionsGenericList1CosmosSystemKeyMappingcctor', ID = '1509'
Method 'SystemStringCosmosCommonStringHelperGetNumberStringSystemSingle', ID = '1519'
Method 'SystemVoidSystemTextASCIIEncodingSetDefaultFallbacks', ID = '1522'
Method 'SystemVoidSystemTextUTF8EncodingSetDefaultFallbacks', ID = '1523'
Method 'SystemVoidSystemTextInternalEncoderBestFitFallbackctorSystemTextEncoding', ID = '1524'
Method 'SystemVoidSystemTextInternalDecoderBestFitFallbackctorSystemTextEncoding', ID = '1525'
Method 'SystemVoidSystemThreadingMonitorEnterSystemObjectSystemBoolean', ID = '1528'
Method 'SystemVoidSystemTextEncoderReplacementFallbackctor', ID = '1529'
Method 'SystemStringSystemSRget_ArgumentOutOfRange_InvalidHighSurrogate', ID = '1531'
Method 'SystemStringSystemSRget_ArgumentOutOfRange_InvalidLowSurrogate', ID = '1532'
Method 'SystemStringSystemSRget_Argument_RecursiveFallback', ID = '1533'
Method 'SystemVoidSystemTextEncoderReplacementFallbackBufferctorSystemTextEncoderReplacementFallback', ID = '1534'
Method 'SystemVoidSystemTextEncoderFallbackBufferReset', ID = '1536'
Method 'SystemStringSystemSRget_Argument_EncodingConversionOverflowBytes', ID = '1537'
Method 'SystemVoidCosmosCore_PlugsMemoryOperationsMemoryOperationsImplCopyTinySystemBytepointerSystemBytepointerSystemInt32', ID = '1539'
Method 'SystemInt32SystemMathDivRemSystemInt32SystemInt32SystemInt32', ID = '1540'
Method 'SystemVoidCosmosCore_PlugsMemoryOperationsMemoryOperationsImplCopy128BlocksSystemBytepointerSystemBytepointerSystemInt32', ID = '1541'
Method 'SystemCharSystemGuidHexToCharSystemInt32', ID = '1542'
Method 'SystemStringSystemTextStringBuilderToString', ID = '1543'
Method 'SystemVoidSystemTextStringBuilderset_LengthSystemInt32', ID = '1544'
Method 'SystemVoidSystemTextStringBuilderctorSystemInt32SystemInt32', ID = '1545'
Method 'SystemStringSystemSRget_ArgumentOutOfRange_SmallCapacity', ID = '1546'
Method 'SystemInt32SystemMathMinSystemInt32SystemInt32', ID = '1547'
Method 'SystemInt32SystemMathMaxSystemInt32SystemInt32', ID = '1548'
Method 'SystemVoidSystemTextStringBuilderctorSystemTextStringBuilder', ID = '1549'
Method 'SystemVoidCosmosCore_PlugsMemoryOperationsMemoryOperationsImplFill16BlocksSystemBytepointerSystemInt32SystemInt32', ID = '1550'
Method 'SystemVoidCosmosCore_PlugsSystemCharUnicodeInfoImplCctor', ID = '1551'
Method 'SystemVoidSystemCollectionsGenericList1CosmosSystemKeyMappingEnsureCapacitySystemInt32', ID = '1554'
Method 'SystemVoidCosmosSystemKeyMappingctorSystemByteSystemCharSystemCharSystemCharSystemCharSystemCharSystemCharSystemCharSystemCharSystemCharSystemCharCosmosSystemConsoleKeyExCosmosSystemConsoleKeyEx', ID = '1555'
Method 'SystemBytearraySystemBitConverterGetBytesSystemSingle', ID = '1556'
Method 'SystemTextDecoderFallbackSystemTextDecoderFallbackget_ReplacementFallback', ID = '1557'
Method 'SystemTextEncoderFallbackSystemTextEncoderFallbackget_ExceptionFallback', ID = '1558'
Method 'SystemTextDecoderFallbackSystemTextDecoderFallbackget_ExceptionFallback', ID = '1559'
Method 'SystemVoidSystemTextEncoderReplacementFallbackctorSystemString', ID = '1560'
Method 'SystemVoidSystemTextDecoderReplacementFallbackctorSystemString', ID = '1561'
Method 'SystemVoidSystemTextEncoderFallbackctor', ID = '1563'
Method 'SystemVoidSystemTextDecoderFallbackctor', ID = '1565'
Method 'SystemObjectCosmosCore_PlugsSystemTextEncoderFallbackImplget_InternalSyncObject', ID = '1567'
Method 'SystemVoidSystemThreadingMonitorThrowLockTakenException', ID = '1570'
Method 'SystemVoidCosmosCore_PlugsSystemThreadingMonitorImplExitSystemObject', ID = '1572'
Method 'SystemVoidSystemTextEncoderFallbackBufferctor', ID = '1574'
Method 'SystemVoidSystemTextEncoderReplacementFallbackBufferReset', ID = '1575'
Method 'SystemVoidCosmosCore_PlugsMemoryOperationsMemoryOperationsImplCopy64BytesSystemBytepointerSystemBytepointer', ID = '1576'
Method 'SystemVoidCosmosCore_PlugsMemoryOperationsMemoryOperationsImplCopy16BytesSystemBytepointerSystemBytepointer', ID = '1577'
Method 'SystemVoidCosmosCore_PlugsMemoryOperationsMemoryOperationsImplCopy32BytesSystemBytepointerSystemBytepointer', ID = '1578'
Method 'SystemVoidCosmosCore_PlugsMemoryOperationsMemoryOperationsImplCopy128BytesSystemBytepointerSystemBytepointer', ID = '1579'
Method 'SystemInt32SystemTextStringBuilderget_MaxCapacity', ID = '1580'
Method 'SystemTextStringBuilderSystemTextStringBuilderAppendSystemCharSystemInt32', ID = '1581'
Method 'SystemTextStringBuilderSystemTextStringBuilderFindChunkForIndexSystemInt32', ID = '1582'
Method 'SystemStringSystemSRget_ArgumentOutOfRange_Capacity', ID = '1583'
Method 'SystemStringSystemSRget_ArgumentOutOfRange_SmallMaxCapacity', ID = '1584'
Method 'SystemStringSystemSRget_ArgumentOutOfRange_MustBePositive', ID = '1585'
Method 'SystemVoidSystemCollectionsGenericList1CosmosSystemKeyMappingset_CapacitySystemInt32', ID = '1587'
Method 'SystemSingleSystemRuntimeCompilerServicesUnsafeAsSystemByteSystemSingleSystemByte', ID = '1588'
Method 'SystemVoidSystemTextDecoderReplacementFallbackctor', ID = '1591'
Method 'SystemVoidSystemTextEncoderExceptionFallbackctor', ID = '1593'
Method 'SystemVoidSystemTextDecoderExceptionFallbackctor', ID = '1595'
Method 'SystemBooleanSystemCharIsSurrogateSystemStringSystemInt32', ID = '1596'
Method 'SystemBooleanSystemCharIsHighSurrogateSystemStringSystemInt32', ID = '1597'
Method 'SystemStringSystemSRget_Argument_InvalidCharSequenceNoIndex', ID = '1598'
Method 'SystemInt32SystemTextInternalEncoderBestFitFallbackget_MaxCharCount', ID = '1600'
Method 'SystemStringSystemSRget_Argument_MustBeFalse', ID = '1602'
Method 'SystemVoidCosmosCore_PlugsSystemThreadingMonitorImplReliableEnterSystemObjectSystemBoolean', ID = '1603'
Method 'SystemInt32SystemTextEncoderReplacementFallbackBufferget_Remaining', ID = '1605'
Method 'SystemBooleanSystemTextEncoderReplacementFallbackBufferMovePrevious', ID = '1606'
Method 'SystemBooleanSystemTextEncoderReplacementFallbackBufferFallbackSystemCharSystemCharSystemInt32', ID = '1607'
Method 'SystemBooleanSystemTextEncoderReplacementFallbackBufferFallbackSystemCharSystemInt32', ID = '1608'
Method 'SystemCharSystemTextEncoderReplacementFallbackBufferGetNextChar', ID = '1609'
Method 'SystemObjectCosmosCore_PlugsSystemTextDecoderFallbackImplget_InternalSyncObject', ID = '1610'
Method 'SystemBooleanSystemCharIsSurrogateSystemChar', ID = '1613'
Method 'SystemTextEncoderFallbackBufferCosmosCore_PlugsSystemTextInternalEncoderBestFitFallbackImplCreateFallbackBuffer', ID = '1614'
Method 'SystemStringSystemSRget_ArgumentOutOfRange_Range', ID = '1615'
Method 'SystemInt32SystemTextEncoderExceptionFallbackget_MaxCharCount', ID = '1617'
Method 'SystemTextEncoderFallbackBufferSystemTextEncoderExceptionFallbackCreateFallbackBuffer', ID = '1618'
Method 'SystemVoidSystemTextEncoderExceptionFallbackBufferctor', ID = '1620'
Method 'SystemInt32SystemTextEncoderExceptionFallbackBufferget_Remaining', ID = '1622'
Method 'SystemBooleanSystemTextEncoderExceptionFallbackBufferMovePrevious', ID = '1623'
Method 'SystemBooleanSystemTextEncoderExceptionFallbackBufferFallbackSystemCharSystemCharSystemInt32', ID = '1624'
Method 'SystemBooleanSystemTextEncoderExceptionFallbackBufferFallbackSystemCharSystemInt32', ID = '1625'
Method 'SystemCharSystemTextEncoderExceptionFallbackBufferGetNextChar', ID = '1626'
Method 'SystemStringSystemSRget_Argument_InvalidCodePageConversionIndex', ID = '1627'
Method 'SystemVoidSystemTextEncoderFallbackExceptionctorSystemStringSystemCharSystemCharSystemInt32', ID = '1628'
Method 'SystemVoidSystemTextEncoderFallbackExceptionctorSystemStringSystemCharSystemInt32', ID = '1629'
